<?xml version="1.0" encoding="UTF-8"?>
<testsuite name="CalculadoraTest" tests="1000" skipped="0" failures="0" errors="0" timestamp="2023-03-06T21:21:05" hostname="ACS_OMEN" time="0.17">
  <properties/>
  <testcase name="multiplicando: 0 es: 0" classname="CalculadoraTest" time="0.006"/>
  <testcase name="multiplicando: 1 es: 2" classname="CalculadoraTest" time="0.001"/>
  <testcase name="multiplicando: 2 es: 4" classname="CalculadoraTest" time="0.0"/>
  <testcase name="multiplicando: 3 es: 6" classname="CalculadoraTest" time="0.0"/>
  <testcase name="multiplicando: 4 es: 8" classname="CalculadoraTest" time="0.0"/>
  <testcase name="multiplicando: 5 es: 10" classname="CalculadoraTest" time="0.0"/>
  <testcase name="multiplicando: 6 es: 12" classname="CalculadoraTest" time="0.001"/>
  <testcase name="multiplicando: 7 es: 14" classname="CalculadoraTest" time="0.0"/>
  <testcase name="multiplicando: 8 es: 16" classname="CalculadoraTest" time="0.001"/>
  <testcase name="multiplicando: 9 es: 18" classname="CalculadoraTest" time="0.0"/>
  <testcase name="multiplicando: 10 es: 20" classname="CalculadoraTest" time="0.001"/>
  <testcase name="multiplicando: 11 es: 22" classname="CalculadoraTest" time="0.0"/>
  <testcase name="multiplicando: 12 es: 24" classname="CalculadoraTest" time="0.001"/>
  <testcase name="multiplicando: 13 es: 26" classname="CalculadoraTest" time="0.0"/>
  <testcase name="multiplicando: 14 es: 28" classname="CalculadoraTest" time="0.0"/>
  <testcase name="multiplicando: 15 es: 30" classname="CalculadoraTest" time="0.0"/>
  <testcase name="multiplicando: 16 es: 32" classname="CalculadoraTest" time="0.001"/>
  <testcase name="multiplicando: 17 es: 34" classname="CalculadoraTest" time="0.0"/>
  <testcase name="multiplicando: 18 es: 36" classname="CalculadoraTest" time="0.0"/>
  <testcase name="multiplicando: 19 es: 38" classname="CalculadoraTest" time="0.0"/>
  <testcase name="multiplicando: 20 es: 40" classname="CalculadoraTest" time="0.0"/>
  <testcase name="multiplicando: 21 es: 42" classname="CalculadoraTest" time="0.0"/>
  <testcase name="multiplicando: 22 es: 44" classname="CalculadoraTest" time="0.0"/>
  <testcase name="multiplicando: 23 es: 46" classname="CalculadoraTest" time="0.0"/>
  <testcase name="multiplicando: 24 es: 48" classname="CalculadoraTest" time="0.0"/>
  <testcase name="multiplicando: 25 es: 50" classname="CalculadoraTest" time="0.0"/>
  <testcase name="multiplicando: 26 es: 52" classname="CalculadoraTest" time="0.001"/>
  <testcase name="multiplicando: 27 es: 54" classname="CalculadoraTest" time="0.0"/>
  <testcase name="multiplicando: 28 es: 56" classname="CalculadoraTest" time="0.0"/>
  <testcase name="multiplicando: 29 es: 58" classname="CalculadoraTest" time="0.001"/>
  <testcase name="multiplicando: 30 es: 60" classname="CalculadoraTest" time="0.0"/>
  <testcase name="multiplicando: 31 es: 62" classname="CalculadoraTest" time="0.0"/>
  <testcase name="multiplicando: 32 es: 64" classname="CalculadoraTest" time="0.0"/>
  <testcase name="multiplicando: 33 es: 66" classname="CalculadoraTest" time="0.0"/>
  <testcase name="multiplicando: 34 es: 68" classname="CalculadoraTest" time="0.0"/>
  <testcase name="multiplicando: 35 es: 70" classname="CalculadoraTest" time="0.0"/>
  <testcase name="multiplicando: 36 es: 72" classname="CalculadoraTest" time="0.0"/>
  <testcase name="multiplicando: 37 es: 74" classname="CalculadoraTest" time="0.0"/>
  <testcase name="multiplicando: 38 es: 76" classname="CalculadoraTest" time="0.0"/>
  <testcase name="multiplicando: 39 es: 78" classname="CalculadoraTest" time="0.0"/>
  <testcase name="multiplicando: 40 es: 80" classname="CalculadoraTest" time="0.0"/>
  <testcase name="multiplicando: 41 es: 82" classname="CalculadoraTest" time="0.0"/>
  <testcase name="multiplicando: 42 es: 84" classname="CalculadoraTest" time="0.001"/>
  <testcase name="multiplicando: 43 es: 86" classname="CalculadoraTest" time="0.0"/>
  <testcase name="multiplicando: 44 es: 88" classname="CalculadoraTest" time="0.0"/>
  <testcase name="multiplicando: 45 es: 90" classname="CalculadoraTest" time="0.0"/>
  <testcase name="multiplicando: 46 es: 92" classname="CalculadoraTest" time="0.0"/>
  <testcase name="multiplicando: 47 es: 94" classname="CalculadoraTest" time="0.0"/>
  <testcase name="multiplicando: 48 es: 96" classname="CalculadoraTest" time="0.0"/>
  <testcase name="multiplicando: 49 es: 98" classname="CalculadoraTest" time="0.0"/>
  <testcase name="multiplicando: 50 es: 100" classname="CalculadoraTest" time="0.0"/>
  <testcase name="multiplicando: 51 es: 102" classname="CalculadoraTest" time="0.0"/>
  <testcase name="multiplicando: 52 es: 104" classname="CalculadoraTest" time="0.0"/>
  <testcase name="multiplicando: 53 es: 106" classname="CalculadoraTest" time="0.0"/>
  <testcase name="multiplicando: 54 es: 108" classname="CalculadoraTest" time="0.001"/>
  <testcase name="multiplicando: 55 es: 110" classname="CalculadoraTest" time="0.0"/>
  <testcase name="multiplicando: 56 es: 112" classname="CalculadoraTest" time="0.0"/>
  <testcase name="multiplicando: 57 es: 114" classname="CalculadoraTest" time="0.0"/>
  <testcase name="multiplicando: 58 es: 116" classname="CalculadoraTest" time="0.0"/>
  <testcase name="multiplicando: 59 es: 118" classname="CalculadoraTest" time="0.0"/>
  <testcase name="multiplicando: 60 es: 120" classname="CalculadoraTest" time="0.0"/>
  <testcase name="multiplicando: 61 es: 122" classname="CalculadoraTest" time="0.001"/>
  <testcase name="multiplicando: 62 es: 124" classname="CalculadoraTest" time="0.0"/>
  <testcase name="multiplicando: 63 es: 126" classname="CalculadoraTest" time="0.0"/>
  <testcase name="multiplicando: 64 es: 128" classname="CalculadoraTest" time="0.0"/>
  <testcase name="multiplicando: 65 es: 130" classname="CalculadoraTest" time="0.001"/>
  <testcase name="multiplicando: 66 es: 132" classname="CalculadoraTest" time="0.0"/>
  <testcase name="multiplicando: 67 es: 134" classname="CalculadoraTest" time="0.0"/>
  <testcase name="multiplicando: 68 es: 136" classname="CalculadoraTest" time="0.0"/>
  <testcase name="multiplicando: 69 es: 138" classname="CalculadoraTest" time="0.0"/>
  <testcase name="multiplicando: 70 es: 140" classname="CalculadoraTest" time="0.0"/>
  <testcase name="multiplicando: 71 es: 142" classname="CalculadoraTest" time="0.001"/>
  <testcase name="multiplicando: 72 es: 144" classname="CalculadoraTest" time="0.0"/>
  <testcase name="multiplicando: 73 es: 146" classname="CalculadoraTest" time="0.0"/>
  <testcase name="multiplicando: 74 es: 148" classname="CalculadoraTest" time="0.0"/>
  <testcase name="multiplicando: 75 es: 150" classname="CalculadoraTest" time="0.0"/>
  <testcase name="multiplicando: 76 es: 152" classname="CalculadoraTest" time="0.001"/>
  <testcase name="multiplicando: 77 es: 154" classname="CalculadoraTest" time="0.0"/>
  <testcase name="multiplicando: 78 es: 156" classname="CalculadoraTest" time="0.0"/>
  <testcase name="multiplicando: 79 es: 158" classname="CalculadoraTest" time="0.001"/>
  <testcase name="multiplicando: 80 es: 160" classname="CalculadoraTest" time="0.0"/>
  <testcase name="multiplicando: 81 es: 162" classname="CalculadoraTest" time="0.0"/>
  <testcase name="multiplicando: 82 es: 164" classname="CalculadoraTest" time="0.0"/>
  <testcase name="multiplicando: 83 es: 166" classname="CalculadoraTest" time="0.0"/>
  <testcase name="multiplicando: 84 es: 168" classname="CalculadoraTest" time="0.0"/>
  <testcase name="multiplicando: 85 es: 170" classname="CalculadoraTest" time="0.0"/>
  <testcase name="multiplicando: 86 es: 172" classname="CalculadoraTest" time="0.0"/>
  <testcase name="multiplicando: 87 es: 174" classname="CalculadoraTest" time="0.0"/>
  <testcase name="multiplicando: 88 es: 176" classname="CalculadoraTest" time="0.0"/>
  <testcase name="multiplicando: 89 es: 178" classname="CalculadoraTest" time="0.0"/>
  <testcase name="multiplicando: 90 es: 180" classname="CalculadoraTest" time="0.0"/>
  <testcase name="multiplicando: 91 es: 182" classname="CalculadoraTest" time="0.0"/>
  <testcase name="multiplicando: 92 es: 184" classname="CalculadoraTest" time="0.0"/>
  <testcase name="multiplicando: 93 es: 186" classname="CalculadoraTest" time="0.001"/>
  <testcase name="multiplicando: 94 es: 188" classname="CalculadoraTest" time="0.0"/>
  <testcase name="multiplicando: 95 es: 190" classname="CalculadoraTest" time="0.0"/>
  <testcase name="multiplicando: 96 es: 192" classname="CalculadoraTest" time="0.0"/>
  <testcase name="multiplicando: 97 es: 194" classname="CalculadoraTest" time="0.0"/>
  <testcase name="multiplicando: 98 es: 196" classname="CalculadoraTest" time="0.0"/>
  <testcase name="multiplicando: 99 es: 198" classname="CalculadoraTest" time="0.0"/>
  <testcase name="multiplicando: 100 es: 200" classname="CalculadoraTest" time="0.0"/>
  <testcase name="multiplicando: 101 es: 202" classname="CalculadoraTest" time="0.0"/>
  <testcase name="multiplicando: 102 es: 204" classname="CalculadoraTest" time="0.0"/>
  <testcase name="multiplicando: 103 es: 206" classname="CalculadoraTest" time="0.001"/>
  <testcase name="multiplicando: 104 es: 208" classname="CalculadoraTest" time="0.0"/>
  <testcase name="multiplicando: 105 es: 210" classname="CalculadoraTest" time="0.0"/>
  <testcase name="multiplicando: 106 es: 212" classname="CalculadoraTest" time="0.0"/>
  <testcase name="multiplicando: 107 es: 214" classname="CalculadoraTest" time="0.0"/>
  <testcase name="multiplicando: 108 es: 216" classname="CalculadoraTest" time="0.0"/>
  <testcase name="multiplicando: 109 es: 218" classname="CalculadoraTest" time="0.0"/>
  <testcase name="multiplicando: 110 es: 220" classname="CalculadoraTest" time="0.0"/>
  <testcase name="multiplicando: 111 es: 222" classname="CalculadoraTest" time="0.0"/>
  <testcase name="multiplicando: 112 es: 224" classname="CalculadoraTest" time="0.0"/>
  <testcase name="multiplicando: 113 es: 226" classname="CalculadoraTest" time="0.0"/>
  <testcase name="multiplicando: 114 es: 228" classname="CalculadoraTest" time="0.0"/>
  <testcase name="multiplicando: 115 es: 230" classname="CalculadoraTest" time="0.0"/>
  <testcase name="multiplicando: 116 es: 232" classname="CalculadoraTest" time="0.0"/>
  <testcase name="multiplicando: 117 es: 234" classname="CalculadoraTest" time="0.0"/>
  <testcase name="multiplicando: 118 es: 236" classname="CalculadoraTest" time="0.0"/>
  <testcase name="multiplicando: 119 es: 238" classname="CalculadoraTest" time="0.0"/>
  <testcase name="multiplicando: 120 es: 240" classname="CalculadoraTest" time="0.0"/>
  <testcase name="multiplicando: 121 es: 242" classname="CalculadoraTest" time="0.0"/>
  <testcase name="multiplicando: 122 es: 244" classname="CalculadoraTest" time="0.0"/>
  <testcase name="multiplicando: 123 es: 246" classname="CalculadoraTest" time="0.0"/>
  <testcase name="multiplicando: 124 es: 248" classname="CalculadoraTest" time="0.0"/>
  <testcase name="multiplicando: 125 es: 250" classname="CalculadoraTest" time="0.0"/>
  <testcase name="multiplicando: 126 es: 252" classname="CalculadoraTest" time="0.0"/>
  <testcase name="multiplicando: 127 es: 254" classname="CalculadoraTest" time="0.0"/>
  <testcase name="multiplicando: 128 es: 256" classname="CalculadoraTest" time="0.0"/>
  <testcase name="multiplicando: 129 es: 258" classname="CalculadoraTest" time="0.0"/>
  <testcase name="multiplicando: 130 es: 260" classname="CalculadoraTest" time="0.0"/>
  <testcase name="multiplicando: 131 es: 262" classname="CalculadoraTest" time="0.0"/>
  <testcase name="multiplicando: 132 es: 264" classname="CalculadoraTest" time="0.0"/>
  <testcase name="multiplicando: 133 es: 266" classname="CalculadoraTest" time="0.0"/>
  <testcase name="multiplicando: 134 es: 268" classname="CalculadoraTest" time="0.0"/>
  <testcase name="multiplicando: 135 es: 270" classname="CalculadoraTest" time="0.001"/>
  <testcase name="multiplicando: 136 es: 272" classname="CalculadoraTest" time="0.0"/>
  <testcase name="multiplicando: 137 es: 274" classname="CalculadoraTest" time="0.0"/>
  <testcase name="multiplicando: 138 es: 276" classname="CalculadoraTest" time="0.0"/>
  <testcase name="multiplicando: 139 es: 278" classname="CalculadoraTest" time="0.0"/>
  <testcase name="multiplicando: 140 es: 280" classname="CalculadoraTest" time="0.0"/>
  <testcase name="multiplicando: 141 es: 282" classname="CalculadoraTest" time="0.0"/>
  <testcase name="multiplicando: 142 es: 284" classname="CalculadoraTest" time="0.001"/>
  <testcase name="multiplicando: 143 es: 286" classname="CalculadoraTest" time="0.0"/>
  <testcase name="multiplicando: 144 es: 288" classname="CalculadoraTest" time="0.0"/>
  <testcase name="multiplicando: 145 es: 290" classname="CalculadoraTest" time="0.0"/>
  <testcase name="multiplicando: 146 es: 292" classname="CalculadoraTest" time="0.0"/>
  <testcase name="multiplicando: 147 es: 294" classname="CalculadoraTest" time="0.0"/>
  <testcase name="multiplicando: 148 es: 296" classname="CalculadoraTest" time="0.0"/>
  <testcase name="multiplicando: 149 es: 298" classname="CalculadoraTest" time="0.001"/>
  <testcase name="multiplicando: 150 es: 300" classname="CalculadoraTest" time="0.0"/>
  <testcase name="multiplicando: 151 es: 302" classname="CalculadoraTest" time="0.0"/>
  <testcase name="multiplicando: 152 es: 304" classname="CalculadoraTest" time="0.0"/>
  <testcase name="multiplicando: 153 es: 306" classname="CalculadoraTest" time="0.0"/>
  <testcase name="multiplicando: 154 es: 308" classname="CalculadoraTest" time="0.0"/>
  <testcase name="multiplicando: 155 es: 310" classname="CalculadoraTest" time="0.0"/>
  <testcase name="multiplicando: 156 es: 312" classname="CalculadoraTest" time="0.001"/>
  <testcase name="multiplicando: 157 es: 314" classname="CalculadoraTest" time="0.0"/>
  <testcase name="multiplicando: 158 es: 316" classname="CalculadoraTest" time="0.0"/>
  <testcase name="multiplicando: 159 es: 318" classname="CalculadoraTest" time="0.0"/>
  <testcase name="multiplicando: 160 es: 320" classname="CalculadoraTest" time="0.0"/>
  <testcase name="multiplicando: 161 es: 322" classname="CalculadoraTest" time="0.0"/>
  <testcase name="multiplicando: 162 es: 324" classname="CalculadoraTest" time="0.0"/>
  <testcase name="multiplicando: 163 es: 326" classname="CalculadoraTest" time="0.0"/>
  <testcase name="multiplicando: 164 es: 328" classname="CalculadoraTest" time="0.0"/>
  <testcase name="multiplicando: 165 es: 330" classname="CalculadoraTest" time="0.0"/>
  <testcase name="multiplicando: 166 es: 332" classname="CalculadoraTest" time="0.0"/>
  <testcase name="multiplicando: 167 es: 334" classname="CalculadoraTest" time="0.0"/>
  <testcase name="multiplicando: 168 es: 336" classname="CalculadoraTest" time="0.0"/>
  <testcase name="multiplicando: 169 es: 338" classname="CalculadoraTest" time="0.0"/>
  <testcase name="multiplicando: 170 es: 340" classname="CalculadoraTest" time="0.0"/>
  <testcase name="multiplicando: 171 es: 342" classname="CalculadoraTest" time="0.0"/>
  <testcase name="multiplicando: 172 es: 344" classname="CalculadoraTest" time="0.0"/>
  <testcase name="multiplicando: 173 es: 346" classname="CalculadoraTest" time="0.0"/>
  <testcase name="multiplicando: 174 es: 348" classname="CalculadoraTest" time="0.0"/>
  <testcase name="multiplicando: 175 es: 350" classname="CalculadoraTest" time="0.001"/>
  <testcase name="multiplicando: 176 es: 352" classname="CalculadoraTest" time="0.0"/>
  <testcase name="multiplicando: 177 es: 354" classname="CalculadoraTest" time="0.0"/>
  <testcase name="multiplicando: 178 es: 356" classname="CalculadoraTest" time="0.0"/>
  <testcase name="multiplicando: 179 es: 358" classname="CalculadoraTest" time="0.0"/>
  <testcase name="multiplicando: 180 es: 360" classname="CalculadoraTest" time="0.0"/>
  <testcase name="multiplicando: 181 es: 362" classname="CalculadoraTest" time="0.0"/>
  <testcase name="multiplicando: 182 es: 364" classname="CalculadoraTest" time="0.001"/>
  <testcase name="multiplicando: 183 es: 366" classname="CalculadoraTest" time="0.0"/>
  <testcase name="multiplicando: 184 es: 368" classname="CalculadoraTest" time="0.0"/>
  <testcase name="multiplicando: 185 es: 370" classname="CalculadoraTest" time="0.0"/>
  <testcase name="multiplicando: 186 es: 372" classname="CalculadoraTest" time="0.0"/>
  <testcase name="multiplicando: 187 es: 374" classname="CalculadoraTest" time="0.0"/>
  <testcase name="multiplicando: 188 es: 376" classname="CalculadoraTest" time="0.0"/>
  <testcase name="multiplicando: 189 es: 378" classname="CalculadoraTest" time="0.0"/>
  <testcase name="multiplicando: 190 es: 380" classname="CalculadoraTest" time="0.0"/>
  <testcase name="multiplicando: 191 es: 382" classname="CalculadoraTest" time="0.0"/>
  <testcase name="multiplicando: 192 es: 384" classname="CalculadoraTest" time="0.0"/>
  <testcase name="multiplicando: 193 es: 386" classname="CalculadoraTest" time="0.0"/>
  <testcase name="multiplicando: 194 es: 388" classname="CalculadoraTest" time="0.0"/>
  <testcase name="multiplicando: 195 es: 390" classname="CalculadoraTest" time="0.0"/>
  <testcase name="multiplicando: 196 es: 392" classname="CalculadoraTest" time="0.0"/>
  <testcase name="multiplicando: 197 es: 394" classname="CalculadoraTest" time="0.0"/>
  <testcase name="multiplicando: 198 es: 396" classname="CalculadoraTest" time="0.0"/>
  <testcase name="multiplicando: 199 es: 398" classname="CalculadoraTest" time="0.0"/>
  <testcase name="multiplicando: 200 es: 400" classname="CalculadoraTest" time="0.0"/>
  <testcase name="multiplicando: 201 es: 402" classname="CalculadoraTest" time="0.001"/>
  <testcase name="multiplicando: 202 es: 404" classname="CalculadoraTest" time="0.0"/>
  <testcase name="multiplicando: 203 es: 406" classname="CalculadoraTest" time="0.0"/>
  <testcase name="multiplicando: 204 es: 408" classname="CalculadoraTest" time="0.0"/>
  <testcase name="multiplicando: 205 es: 410" classname="CalculadoraTest" time="0.0"/>
  <testcase name="multiplicando: 206 es: 412" classname="CalculadoraTest" time="0.0"/>
  <testcase name="multiplicando: 207 es: 414" classname="CalculadoraTest" time="0.0"/>
  <testcase name="multiplicando: 208 es: 416" classname="CalculadoraTest" time="0.0"/>
  <testcase name="multiplicando: 209 es: 418" classname="CalculadoraTest" time="0.0"/>
  <testcase name="multiplicando: 210 es: 420" classname="CalculadoraTest" time="0.0"/>
  <testcase name="multiplicando: 211 es: 422" classname="CalculadoraTest" time="0.0"/>
  <testcase name="multiplicando: 212 es: 424" classname="CalculadoraTest" time="0.0"/>
  <testcase name="multiplicando: 213 es: 426" classname="CalculadoraTest" time="0.0"/>
  <testcase name="multiplicando: 214 es: 428" classname="CalculadoraTest" time="0.0"/>
  <testcase name="multiplicando: 215 es: 430" classname="CalculadoraTest" time="0.0"/>
  <testcase name="multiplicando: 216 es: 432" classname="CalculadoraTest" time="0.0"/>
  <testcase name="multiplicando: 217 es: 434" classname="CalculadoraTest" time="0.0"/>
  <testcase name="multiplicando: 218 es: 436" classname="CalculadoraTest" time="0.0"/>
  <testcase name="multiplicando: 219 es: 438" classname="CalculadoraTest" time="0.0"/>
  <testcase name="multiplicando: 220 es: 440" classname="CalculadoraTest" time="0.0"/>
  <testcase name="multiplicando: 221 es: 442" classname="CalculadoraTest" time="0.0"/>
  <testcase name="multiplicando: 222 es: 444" classname="CalculadoraTest" time="0.0"/>
  <testcase name="multiplicando: 223 es: 446" classname="CalculadoraTest" time="0.0"/>
  <testcase name="multiplicando: 224 es: 448" classname="CalculadoraTest" time="0.0"/>
  <testcase name="multiplicando: 225 es: 450" classname="CalculadoraTest" time="0.0"/>
  <testcase name="multiplicando: 226 es: 452" classname="CalculadoraTest" time="0.0"/>
  <testcase name="multiplicando: 227 es: 454" classname="CalculadoraTest" time="0.0"/>
  <testcase name="multiplicando: 228 es: 456" classname="CalculadoraTest" time="0.0"/>
  <testcase name="multiplicando: 229 es: 458" classname="CalculadoraTest" time="0.001"/>
  <testcase name="multiplicando: 230 es: 460" classname="CalculadoraTest" time="0.0"/>
  <testcase name="multiplicando: 231 es: 462" classname="CalculadoraTest" time="0.0"/>
  <testcase name="multiplicando: 232 es: 464" classname="CalculadoraTest" time="0.0"/>
  <testcase name="multiplicando: 233 es: 466" classname="CalculadoraTest" time="0.0"/>
  <testcase name="multiplicando: 234 es: 468" classname="CalculadoraTest" time="0.0"/>
  <testcase name="multiplicando: 235 es: 470" classname="CalculadoraTest" time="0.0"/>
  <testcase name="multiplicando: 236 es: 472" classname="CalculadoraTest" time="0.0"/>
  <testcase name="multiplicando: 237 es: 474" classname="CalculadoraTest" time="0.0"/>
  <testcase name="multiplicando: 238 es: 476" classname="CalculadoraTest" time="0.0"/>
  <testcase name="multiplicando: 239 es: 478" classname="CalculadoraTest" time="0.0"/>
  <testcase name="multiplicando: 240 es: 480" classname="CalculadoraTest" time="0.0"/>
  <testcase name="multiplicando: 241 es: 482" classname="CalculadoraTest" time="0.0"/>
  <testcase name="multiplicando: 242 es: 484" classname="CalculadoraTest" time="0.0"/>
  <testcase name="multiplicando: 243 es: 486" classname="CalculadoraTest" time="0.0"/>
  <testcase name="multiplicando: 244 es: 488" classname="CalculadoraTest" time="0.0"/>
  <testcase name="multiplicando: 245 es: 490" classname="CalculadoraTest" time="0.0"/>
  <testcase name="multiplicando: 246 es: 492" classname="CalculadoraTest" time="0.0"/>
  <testcase name="multiplicando: 247 es: 494" classname="CalculadoraTest" time="0.0"/>
  <testcase name="multiplicando: 248 es: 496" classname="CalculadoraTest" time="0.0"/>
  <testcase name="multiplicando: 249 es: 498" classname="CalculadoraTest" time="0.0"/>
  <testcase name="multiplicando: 250 es: 500" classname="CalculadoraTest" time="0.0"/>
  <testcase name="multiplicando: 251 es: 502" classname="CalculadoraTest" time="0.0"/>
  <testcase name="multiplicando: 252 es: 504" classname="CalculadoraTest" time="0.0"/>
  <testcase name="multiplicando: 253 es: 506" classname="CalculadoraTest" time="0.0"/>
  <testcase name="multiplicando: 254 es: 508" classname="CalculadoraTest" time="0.001"/>
  <testcase name="multiplicando: 255 es: 510" classname="CalculadoraTest" time="0.0"/>
  <testcase name="multiplicando: 256 es: 512" classname="CalculadoraTest" time="0.0"/>
  <testcase name="multiplicando: 257 es: 514" classname="CalculadoraTest" time="0.001"/>
  <testcase name="multiplicando: 258 es: 516" classname="CalculadoraTest" time="0.0"/>
  <testcase name="multiplicando: 259 es: 518" classname="CalculadoraTest" time="0.0"/>
  <testcase name="multiplicando: 260 es: 520" classname="CalculadoraTest" time="0.0"/>
  <testcase name="multiplicando: 261 es: 522" classname="CalculadoraTest" time="0.0"/>
  <testcase name="multiplicando: 262 es: 524" classname="CalculadoraTest" time="0.0"/>
  <testcase name="multiplicando: 263 es: 526" classname="CalculadoraTest" time="0.0"/>
  <testcase name="multiplicando: 264 es: 528" classname="CalculadoraTest" time="0.0"/>
  <testcase name="multiplicando: 265 es: 530" classname="CalculadoraTest" time="0.0"/>
  <testcase name="multiplicando: 266 es: 532" classname="CalculadoraTest" time="0.0"/>
  <testcase name="multiplicando: 267 es: 534" classname="CalculadoraTest" time="0.0"/>
  <testcase name="multiplicando: 268 es: 536" classname="CalculadoraTest" time="0.0"/>
  <testcase name="multiplicando: 269 es: 538" classname="CalculadoraTest" time="0.0"/>
  <testcase name="multiplicando: 270 es: 540" classname="CalculadoraTest" time="0.0"/>
  <testcase name="multiplicando: 271 es: 542" classname="CalculadoraTest" time="0.0"/>
  <testcase name="multiplicando: 272 es: 544" classname="CalculadoraTest" time="0.0"/>
  <testcase name="multiplicando: 273 es: 546" classname="CalculadoraTest" time="0.001"/>
  <testcase name="multiplicando: 274 es: 548" classname="CalculadoraTest" time="0.0"/>
  <testcase name="multiplicando: 275 es: 550" classname="CalculadoraTest" time="0.0"/>
  <testcase name="multiplicando: 276 es: 552" classname="CalculadoraTest" time="0.0"/>
  <testcase name="multiplicando: 277 es: 554" classname="CalculadoraTest" time="0.0"/>
  <testcase name="multiplicando: 278 es: 556" classname="CalculadoraTest" time="0.0"/>
  <testcase name="multiplicando: 279 es: 558" classname="CalculadoraTest" time="0.0"/>
  <testcase name="multiplicando: 280 es: 560" classname="CalculadoraTest" time="0.0"/>
  <testcase name="multiplicando: 281 es: 562" classname="CalculadoraTest" time="0.0"/>
  <testcase name="multiplicando: 282 es: 564" classname="CalculadoraTest" time="0.0"/>
  <testcase name="multiplicando: 283 es: 566" classname="CalculadoraTest" time="0.0"/>
  <testcase name="multiplicando: 284 es: 568" classname="CalculadoraTest" time="0.0"/>
  <testcase name="multiplicando: 285 es: 570" classname="CalculadoraTest" time="0.0"/>
  <testcase name="multiplicando: 286 es: 572" classname="CalculadoraTest" time="0.0"/>
  <testcase name="multiplicando: 287 es: 574" classname="CalculadoraTest" time="0.0"/>
  <testcase name="multiplicando: 288 es: 576" classname="CalculadoraTest" time="0.0"/>
  <testcase name="multiplicando: 289 es: 578" classname="CalculadoraTest" time="0.0"/>
  <testcase name="multiplicando: 290 es: 580" classname="CalculadoraTest" time="0.0"/>
  <testcase name="multiplicando: 291 es: 582" classname="CalculadoraTest" time="0.0"/>
  <testcase name="multiplicando: 292 es: 584" classname="CalculadoraTest" time="0.0"/>
  <testcase name="multiplicando: 293 es: 586" classname="CalculadoraTest" time="0.0"/>
  <testcase name="multiplicando: 294 es: 588" classname="CalculadoraTest" time="0.0"/>
  <testcase name="multiplicando: 295 es: 590" classname="CalculadoraTest" time="0.0"/>
  <testcase name="multiplicando: 296 es: 592" classname="CalculadoraTest" time="0.0"/>
  <testcase name="multiplicando: 297 es: 594" classname="CalculadoraTest" time="0.0"/>
  <testcase name="multiplicando: 298 es: 596" classname="CalculadoraTest" time="0.0"/>
  <testcase name="multiplicando: 299 es: 598" classname="CalculadoraTest" time="0.0"/>
  <testcase name="multiplicando: 300 es: 600" classname="CalculadoraTest" time="0.0"/>
  <testcase name="multiplicando: 301 es: 602" classname="CalculadoraTest" time="0.0"/>
  <testcase name="multiplicando: 302 es: 604" classname="CalculadoraTest" time="0.0"/>
  <testcase name="multiplicando: 303 es: 606" classname="CalculadoraTest" time="0.0"/>
  <testcase name="multiplicando: 304 es: 608" classname="CalculadoraTest" time="0.0"/>
  <testcase name="multiplicando: 305 es: 610" classname="CalculadoraTest" time="0.0"/>
  <testcase name="multiplicando: 306 es: 612" classname="CalculadoraTest" time="0.001"/>
  <testcase name="multiplicando: 307 es: 614" classname="CalculadoraTest" time="0.0"/>
  <testcase name="multiplicando: 308 es: 616" classname="CalculadoraTest" time="0.0"/>
  <testcase name="multiplicando: 309 es: 618" classname="CalculadoraTest" time="0.0"/>
  <testcase name="multiplicando: 310 es: 620" classname="CalculadoraTest" time="0.0"/>
  <testcase name="multiplicando: 311 es: 622" classname="CalculadoraTest" time="0.0"/>
  <testcase name="multiplicando: 312 es: 624" classname="CalculadoraTest" time="0.001"/>
  <testcase name="multiplicando: 313 es: 626" classname="CalculadoraTest" time="0.0"/>
  <testcase name="multiplicando: 314 es: 628" classname="CalculadoraTest" time="0.0"/>
  <testcase name="multiplicando: 315 es: 630" classname="CalculadoraTest" time="0.0"/>
  <testcase name="multiplicando: 316 es: 632" classname="CalculadoraTest" time="0.0"/>
  <testcase name="multiplicando: 317 es: 634" classname="CalculadoraTest" time="0.0"/>
  <testcase name="multiplicando: 318 es: 636" classname="CalculadoraTest" time="0.0"/>
  <testcase name="multiplicando: 319 es: 638" classname="CalculadoraTest" time="0.0"/>
  <testcase name="multiplicando: 320 es: 640" classname="CalculadoraTest" time="0.0"/>
  <testcase name="multiplicando: 321 es: 642" classname="CalculadoraTest" time="0.0"/>
  <testcase name="multiplicando: 322 es: 644" classname="CalculadoraTest" time="0.0"/>
  <testcase name="multiplicando: 323 es: 646" classname="CalculadoraTest" time="0.0"/>
  <testcase name="multiplicando: 324 es: 648" classname="CalculadoraTest" time="0.0"/>
  <testcase name="multiplicando: 325 es: 650" classname="CalculadoraTest" time="0.0"/>
  <testcase name="multiplicando: 326 es: 652" classname="CalculadoraTest" time="0.0"/>
  <testcase name="multiplicando: 327 es: 654" classname="CalculadoraTest" time="0.0"/>
  <testcase name="multiplicando: 328 es: 656" classname="CalculadoraTest" time="0.0"/>
  <testcase name="multiplicando: 329 es: 658" classname="CalculadoraTest" time="0.0"/>
  <testcase name="multiplicando: 330 es: 660" classname="CalculadoraTest" time="0.001"/>
  <testcase name="multiplicando: 331 es: 662" classname="CalculadoraTest" time="0.0"/>
  <testcase name="multiplicando: 332 es: 664" classname="CalculadoraTest" time="0.0"/>
  <testcase name="multiplicando: 333 es: 666" classname="CalculadoraTest" time="0.0"/>
  <testcase name="multiplicando: 334 es: 668" classname="CalculadoraTest" time="0.0"/>
  <testcase name="multiplicando: 335 es: 670" classname="CalculadoraTest" time="0.0"/>
  <testcase name="multiplicando: 336 es: 672" classname="CalculadoraTest" time="0.0"/>
  <testcase name="multiplicando: 337 es: 674" classname="CalculadoraTest" time="0.0"/>
  <testcase name="multiplicando: 338 es: 676" classname="CalculadoraTest" time="0.0"/>
  <testcase name="multiplicando: 339 es: 678" classname="CalculadoraTest" time="0.0"/>
  <testcase name="multiplicando: 340 es: 680" classname="CalculadoraTest" time="0.0"/>
  <testcase name="multiplicando: 341 es: 682" classname="CalculadoraTest" time="0.0"/>
  <testcase name="multiplicando: 342 es: 684" classname="CalculadoraTest" time="0.0"/>
  <testcase name="multiplicando: 343 es: 686" classname="CalculadoraTest" time="0.0"/>
  <testcase name="multiplicando: 344 es: 688" classname="CalculadoraTest" time="0.0"/>
  <testcase name="multiplicando: 345 es: 690" classname="CalculadoraTest" time="0.0"/>
  <testcase name="multiplicando: 346 es: 692" classname="CalculadoraTest" time="0.0"/>
  <testcase name="multiplicando: 347 es: 694" classname="CalculadoraTest" time="0.0"/>
  <testcase name="multiplicando: 348 es: 696" classname="CalculadoraTest" time="0.0"/>
  <testcase name="multiplicando: 349 es: 698" classname="CalculadoraTest" time="0.0"/>
  <testcase name="multiplicando: 350 es: 700" classname="CalculadoraTest" time="0.0"/>
  <testcase name="multiplicando: 351 es: 702" classname="CalculadoraTest" time="0.0"/>
  <testcase name="multiplicando: 352 es: 704" classname="CalculadoraTest" time="0.0"/>
  <testcase name="multiplicando: 353 es: 706" classname="CalculadoraTest" time="0.0"/>
  <testcase name="multiplicando: 354 es: 708" classname="CalculadoraTest" time="0.0"/>
  <testcase name="multiplicando: 355 es: 710" classname="CalculadoraTest" time="0.0"/>
  <testcase name="multiplicando: 356 es: 712" classname="CalculadoraTest" time="0.0"/>
  <testcase name="multiplicando: 357 es: 714" classname="CalculadoraTest" time="0.0"/>
  <testcase name="multiplicando: 358 es: 716" classname="CalculadoraTest" time="0.0"/>
  <testcase name="multiplicando: 359 es: 718" classname="CalculadoraTest" time="0.0"/>
  <testcase name="multiplicando: 360 es: 720" classname="CalculadoraTest" time="0.0"/>
  <testcase name="multiplicando: 361 es: 722" classname="CalculadoraTest" time="0.0"/>
  <testcase name="multiplicando: 362 es: 724" classname="CalculadoraTest" time="0.0"/>
  <testcase name="multiplicando: 363 es: 726" classname="CalculadoraTest" time="0.0"/>
  <testcase name="multiplicando: 364 es: 728" classname="CalculadoraTest" time="0.0"/>
  <testcase name="multiplicando: 365 es: 730" classname="CalculadoraTest" time="0.0"/>
  <testcase name="multiplicando: 366 es: 732" classname="CalculadoraTest" time="0.0"/>
  <testcase name="multiplicando: 367 es: 734" classname="CalculadoraTest" time="0.0"/>
  <testcase name="multiplicando: 368 es: 736" classname="CalculadoraTest" time="0.0"/>
  <testcase name="multiplicando: 369 es: 738" classname="CalculadoraTest" time="0.0"/>
  <testcase name="multiplicando: 370 es: 740" classname="CalculadoraTest" time="0.001"/>
  <testcase name="multiplicando: 371 es: 742" classname="CalculadoraTest" time="0.0"/>
  <testcase name="multiplicando: 372 es: 744" classname="CalculadoraTest" time="0.0"/>
  <testcase name="multiplicando: 373 es: 746" classname="CalculadoraTest" time="0.0"/>
  <testcase name="multiplicando: 374 es: 748" classname="CalculadoraTest" time="0.0"/>
  <testcase name="multiplicando: 375 es: 750" classname="CalculadoraTest" time="0.0"/>
  <testcase name="multiplicando: 376 es: 752" classname="CalculadoraTest" time="0.0"/>
  <testcase name="multiplicando: 377 es: 754" classname="CalculadoraTest" time="0.001"/>
  <testcase name="multiplicando: 378 es: 756" classname="CalculadoraTest" time="0.0"/>
  <testcase name="multiplicando: 379 es: 758" classname="CalculadoraTest" time="0.0"/>
  <testcase name="multiplicando: 380 es: 760" classname="CalculadoraTest" time="0.0"/>
  <testcase name="multiplicando: 381 es: 762" classname="CalculadoraTest" time="0.0"/>
  <testcase name="multiplicando: 382 es: 764" classname="CalculadoraTest" time="0.0"/>
  <testcase name="multiplicando: 383 es: 766" classname="CalculadoraTest" time="0.0"/>
  <testcase name="multiplicando: 384 es: 768" classname="CalculadoraTest" time="0.0"/>
  <testcase name="multiplicando: 385 es: 770" classname="CalculadoraTest" time="0.0"/>
  <testcase name="multiplicando: 386 es: 772" classname="CalculadoraTest" time="0.0"/>
  <testcase name="multiplicando: 387 es: 774" classname="CalculadoraTest" time="0.0"/>
  <testcase name="multiplicando: 388 es: 776" classname="CalculadoraTest" time="0.0"/>
  <testcase name="multiplicando: 389 es: 778" classname="CalculadoraTest" time="0.0"/>
  <testcase name="multiplicando: 390 es: 780" classname="CalculadoraTest" time="0.0"/>
  <testcase name="multiplicando: 391 es: 782" classname="CalculadoraTest" time="0.001"/>
  <testcase name="multiplicando: 392 es: 784" classname="CalculadoraTest" time="0.0"/>
  <testcase name="multiplicando: 393 es: 786" classname="CalculadoraTest" time="0.0"/>
  <testcase name="multiplicando: 394 es: 788" classname="CalculadoraTest" time="0.0"/>
  <testcase name="multiplicando: 395 es: 790" classname="CalculadoraTest" time="0.0"/>
  <testcase name="multiplicando: 396 es: 792" classname="CalculadoraTest" time="0.0"/>
  <testcase name="multiplicando: 397 es: 794" classname="CalculadoraTest" time="0.0"/>
  <testcase name="multiplicando: 398 es: 796" classname="CalculadoraTest" time="0.0"/>
  <testcase name="multiplicando: 399 es: 798" classname="CalculadoraTest" time="0.0"/>
  <testcase name="multiplicando: 400 es: 800" classname="CalculadoraTest" time="0.0"/>
  <testcase name="multiplicando: 401 es: 802" classname="CalculadoraTest" time="0.001"/>
  <testcase name="multiplicando: 402 es: 804" classname="CalculadoraTest" time="0.0"/>
  <testcase name="multiplicando: 403 es: 806" classname="CalculadoraTest" time="0.0"/>
  <testcase name="multiplicando: 404 es: 808" classname="CalculadoraTest" time="0.0"/>
  <testcase name="multiplicando: 405 es: 810" classname="CalculadoraTest" time="0.0"/>
  <testcase name="multiplicando: 406 es: 812" classname="CalculadoraTest" time="0.0"/>
  <testcase name="multiplicando: 407 es: 814" classname="CalculadoraTest" time="0.0"/>
  <testcase name="multiplicando: 408 es: 816" classname="CalculadoraTest" time="0.0"/>
  <testcase name="multiplicando: 409 es: 818" classname="CalculadoraTest" time="0.0"/>
  <testcase name="multiplicando: 410 es: 820" classname="CalculadoraTest" time="0.001"/>
  <testcase name="multiplicando: 411 es: 822" classname="CalculadoraTest" time="0.0"/>
  <testcase name="multiplicando: 412 es: 824" classname="CalculadoraTest" time="0.0"/>
  <testcase name="multiplicando: 413 es: 826" classname="CalculadoraTest" time="0.0"/>
  <testcase name="multiplicando: 414 es: 828" classname="CalculadoraTest" time="0.0"/>
  <testcase name="multiplicando: 415 es: 830" classname="CalculadoraTest" time="0.0"/>
  <testcase name="multiplicando: 416 es: 832" classname="CalculadoraTest" time="0.0"/>
  <testcase name="multiplicando: 417 es: 834" classname="CalculadoraTest" time="0.0"/>
  <testcase name="multiplicando: 418 es: 836" classname="CalculadoraTest" time="0.0"/>
  <testcase name="multiplicando: 419 es: 838" classname="CalculadoraTest" time="0.0"/>
  <testcase name="multiplicando: 420 es: 840" classname="CalculadoraTest" time="0.0"/>
  <testcase name="multiplicando: 421 es: 842" classname="CalculadoraTest" time="0.0"/>
  <testcase name="multiplicando: 422 es: 844" classname="CalculadoraTest" time="0.001"/>
  <testcase name="multiplicando: 423 es: 846" classname="CalculadoraTest" time="0.0"/>
  <testcase name="multiplicando: 424 es: 848" classname="CalculadoraTest" time="0.0"/>
  <testcase name="multiplicando: 425 es: 850" classname="CalculadoraTest" time="0.0"/>
  <testcase name="multiplicando: 426 es: 852" classname="CalculadoraTest" time="0.0"/>
  <testcase name="multiplicando: 427 es: 854" classname="CalculadoraTest" time="0.0"/>
  <testcase name="multiplicando: 428 es: 856" classname="CalculadoraTest" time="0.0"/>
  <testcase name="multiplicando: 429 es: 858" classname="CalculadoraTest" time="0.0"/>
  <testcase name="multiplicando: 430 es: 860" classname="CalculadoraTest" time="0.001"/>
  <testcase name="multiplicando: 431 es: 862" classname="CalculadoraTest" time="0.0"/>
  <testcase name="multiplicando: 432 es: 864" classname="CalculadoraTest" time="0.0"/>
  <testcase name="multiplicando: 433 es: 866" classname="CalculadoraTest" time="0.0"/>
  <testcase name="multiplicando: 434 es: 868" classname="CalculadoraTest" time="0.0"/>
  <testcase name="multiplicando: 435 es: 870" classname="CalculadoraTest" time="0.0"/>
  <testcase name="multiplicando: 436 es: 872" classname="CalculadoraTest" time="0.0"/>
  <testcase name="multiplicando: 437 es: 874" classname="CalculadoraTest" time="0.0"/>
  <testcase name="multiplicando: 438 es: 876" classname="CalculadoraTest" time="0.0"/>
  <testcase name="multiplicando: 439 es: 878" classname="CalculadoraTest" time="0.0"/>
  <testcase name="multiplicando: 440 es: 880" classname="CalculadoraTest" time="0.0"/>
  <testcase name="multiplicando: 441 es: 882" classname="CalculadoraTest" time="0.0"/>
  <testcase name="multiplicando: 442 es: 884" classname="CalculadoraTest" time="0.0"/>
  <testcase name="multiplicando: 443 es: 886" classname="CalculadoraTest" time="0.0"/>
  <testcase name="multiplicando: 444 es: 888" classname="CalculadoraTest" time="0.0"/>
  <testcase name="multiplicando: 445 es: 890" classname="CalculadoraTest" time="0.0"/>
  <testcase name="multiplicando: 446 es: 892" classname="CalculadoraTest" time="0.0"/>
  <testcase name="multiplicando: 447 es: 894" classname="CalculadoraTest" time="0.0"/>
  <testcase name="multiplicando: 448 es: 896" classname="CalculadoraTest" time="0.001"/>
  <testcase name="multiplicando: 449 es: 898" classname="CalculadoraTest" time="0.0"/>
  <testcase name="multiplicando: 450 es: 900" classname="CalculadoraTest" time="0.0"/>
  <testcase name="multiplicando: 451 es: 902" classname="CalculadoraTest" time="0.0"/>
  <testcase name="multiplicando: 452 es: 904" classname="CalculadoraTest" time="0.0"/>
  <testcase name="multiplicando: 453 es: 906" classname="CalculadoraTest" time="0.0"/>
  <testcase name="multiplicando: 454 es: 908" classname="CalculadoraTest" time="0.001"/>
  <testcase name="multiplicando: 455 es: 910" classname="CalculadoraTest" time="0.0"/>
  <testcase name="multiplicando: 456 es: 912" classname="CalculadoraTest" time="0.0"/>
  <testcase name="multiplicando: 457 es: 914" classname="CalculadoraTest" time="0.0"/>
  <testcase name="multiplicando: 458 es: 916" classname="CalculadoraTest" time="0.0"/>
  <testcase name="multiplicando: 459 es: 918" classname="CalculadoraTest" time="0.001"/>
  <testcase name="multiplicando: 460 es: 920" classname="CalculadoraTest" time="0.0"/>
  <testcase name="multiplicando: 461 es: 922" classname="CalculadoraTest" time="0.0"/>
  <testcase name="multiplicando: 462 es: 924" classname="CalculadoraTest" time="0.0"/>
  <testcase name="multiplicando: 463 es: 926" classname="CalculadoraTest" time="0.001"/>
  <testcase name="multiplicando: 464 es: 928" classname="CalculadoraTest" time="0.0"/>
  <testcase name="multiplicando: 465 es: 930" classname="CalculadoraTest" time="0.0"/>
  <testcase name="multiplicando: 466 es: 932" classname="CalculadoraTest" time="0.0"/>
  <testcase name="multiplicando: 467 es: 934" classname="CalculadoraTest" time="0.0"/>
  <testcase name="multiplicando: 468 es: 936" classname="CalculadoraTest" time="0.0"/>
  <testcase name="multiplicando: 469 es: 938" classname="CalculadoraTest" time="0.0"/>
  <testcase name="multiplicando: 470 es: 940" classname="CalculadoraTest" time="0.0"/>
  <testcase name="multiplicando: 471 es: 942" classname="CalculadoraTest" time="0.0"/>
  <testcase name="multiplicando: 472 es: 944" classname="CalculadoraTest" time="0.0"/>
  <testcase name="multiplicando: 473 es: 946" classname="CalculadoraTest" time="0.0"/>
  <testcase name="multiplicando: 474 es: 948" classname="CalculadoraTest" time="0.0"/>
  <testcase name="multiplicando: 475 es: 950" classname="CalculadoraTest" time="0.001"/>
  <testcase name="multiplicando: 476 es: 952" classname="CalculadoraTest" time="0.0"/>
  <testcase name="multiplicando: 477 es: 954" classname="CalculadoraTest" time="0.0"/>
  <testcase name="multiplicando: 478 es: 956" classname="CalculadoraTest" time="0.0"/>
  <testcase name="multiplicando: 479 es: 958" classname="CalculadoraTest" time="0.0"/>
  <testcase name="multiplicando: 480 es: 960" classname="CalculadoraTest" time="0.0"/>
  <testcase name="multiplicando: 481 es: 962" classname="CalculadoraTest" time="0.0"/>
  <testcase name="multiplicando: 482 es: 964" classname="CalculadoraTest" time="0.0"/>
  <testcase name="multiplicando: 483 es: 966" classname="CalculadoraTest" time="0.0"/>
  <testcase name="multiplicando: 484 es: 968" classname="CalculadoraTest" time="0.0"/>
  <testcase name="multiplicando: 485 es: 970" classname="CalculadoraTest" time="0.0"/>
  <testcase name="multiplicando: 486 es: 972" classname="CalculadoraTest" time="0.0"/>
  <testcase name="multiplicando: 487 es: 974" classname="CalculadoraTest" time="0.001"/>
  <testcase name="multiplicando: 488 es: 976" classname="CalculadoraTest" time="0.0"/>
  <testcase name="multiplicando: 489 es: 978" classname="CalculadoraTest" time="0.0"/>
  <testcase name="multiplicando: 490 es: 980" classname="CalculadoraTest" time="0.0"/>
  <testcase name="multiplicando: 491 es: 982" classname="CalculadoraTest" time="0.0"/>
  <testcase name="multiplicando: 492 es: 984" classname="CalculadoraTest" time="0.001"/>
  <testcase name="multiplicando: 493 es: 986" classname="CalculadoraTest" time="0.0"/>
  <testcase name="multiplicando: 494 es: 988" classname="CalculadoraTest" time="0.0"/>
  <testcase name="multiplicando: 495 es: 990" classname="CalculadoraTest" time="0.0"/>
  <testcase name="multiplicando: 496 es: 992" classname="CalculadoraTest" time="0.0"/>
  <testcase name="multiplicando: 497 es: 994" classname="CalculadoraTest" time="0.0"/>
  <testcase name="multiplicando: 498 es: 996" classname="CalculadoraTest" time="0.0"/>
  <testcase name="multiplicando: 499 es: 998" classname="CalculadoraTest" time="0.0"/>
  <testcase name="multiplicando: 500 es: 1000" classname="CalculadoraTest" time="0.0"/>
  <testcase name="multiplicando: 501 es: 1002" classname="CalculadoraTest" time="0.0"/>
  <testcase name="multiplicando: 502 es: 1004" classname="CalculadoraTest" time="0.0"/>
  <testcase name="multiplicando: 503 es: 1006" classname="CalculadoraTest" time="0.0"/>
  <testcase name="multiplicando: 504 es: 1008" classname="CalculadoraTest" time="0.0"/>
  <testcase name="multiplicando: 505 es: 1010" classname="CalculadoraTest" time="0.0"/>
  <testcase name="multiplicando: 506 es: 1012" classname="CalculadoraTest" time="0.0"/>
  <testcase name="multiplicando: 507 es: 1014" classname="CalculadoraTest" time="0.0"/>
  <testcase name="multiplicando: 508 es: 1016" classname="CalculadoraTest" time="0.001"/>
  <testcase name="multiplicando: 509 es: 1018" classname="CalculadoraTest" time="0.0"/>
  <testcase name="multiplicando: 510 es: 1020" classname="CalculadoraTest" time="0.0"/>
  <testcase name="multiplicando: 511 es: 1022" classname="CalculadoraTest" time="0.0"/>
  <testcase name="multiplicando: 512 es: 1024" classname="CalculadoraTest" time="0.0"/>
  <testcase name="multiplicando: 513 es: 1026" classname="CalculadoraTest" time="0.0"/>
  <testcase name="multiplicando: 514 es: 1028" classname="CalculadoraTest" time="0.0"/>
  <testcase name="multiplicando: 515 es: 1030" classname="CalculadoraTest" time="0.0"/>
  <testcase name="multiplicando: 516 es: 1032" classname="CalculadoraTest" time="0.0"/>
  <testcase name="multiplicando: 517 es: 1034" classname="CalculadoraTest" time="0.001"/>
  <testcase name="multiplicando: 518 es: 1036" classname="CalculadoraTest" time="0.0"/>
  <testcase name="multiplicando: 519 es: 1038" classname="CalculadoraTest" time="0.0"/>
  <testcase name="multiplicando: 520 es: 1040" classname="CalculadoraTest" time="0.0"/>
  <testcase name="multiplicando: 521 es: 1042" classname="CalculadoraTest" time="0.0"/>
  <testcase name="multiplicando: 522 es: 1044" classname="CalculadoraTest" time="0.0"/>
  <testcase name="multiplicando: 523 es: 1046" classname="CalculadoraTest" time="0.0"/>
  <testcase name="multiplicando: 524 es: 1048" classname="CalculadoraTest" time="0.0"/>
  <testcase name="multiplicando: 525 es: 1050" classname="CalculadoraTest" time="0.0"/>
  <testcase name="multiplicando: 526 es: 1052" classname="CalculadoraTest" time="0.0"/>
  <testcase name="multiplicando: 527 es: 1054" classname="CalculadoraTest" time="0.0"/>
  <testcase name="multiplicando: 528 es: 1056" classname="CalculadoraTest" time="0.0"/>
  <testcase name="multiplicando: 529 es: 1058" classname="CalculadoraTest" time="0.0"/>
  <testcase name="multiplicando: 530 es: 1060" classname="CalculadoraTest" time="0.0"/>
  <testcase name="multiplicando: 531 es: 1062" classname="CalculadoraTest" time="0.0"/>
  <testcase name="multiplicando: 532 es: 1064" classname="CalculadoraTest" time="0.0"/>
  <testcase name="multiplicando: 533 es: 1066" classname="CalculadoraTest" time="0.0"/>
  <testcase name="multiplicando: 534 es: 1068" classname="CalculadoraTest" time="0.0"/>
  <testcase name="multiplicando: 535 es: 1070" classname="CalculadoraTest" time="0.0"/>
  <testcase name="multiplicando: 536 es: 1072" classname="CalculadoraTest" time="0.001"/>
  <testcase name="multiplicando: 537 es: 1074" classname="CalculadoraTest" time="0.0"/>
  <testcase name="multiplicando: 538 es: 1076" classname="CalculadoraTest" time="0.0"/>
  <testcase name="multiplicando: 539 es: 1078" classname="CalculadoraTest" time="0.0"/>
  <testcase name="multiplicando: 540 es: 1080" classname="CalculadoraTest" time="0.0"/>
  <testcase name="multiplicando: 541 es: 1082" classname="CalculadoraTest" time="0.0"/>
  <testcase name="multiplicando: 542 es: 1084" classname="CalculadoraTest" time="0.0"/>
  <testcase name="multiplicando: 543 es: 1086" classname="CalculadoraTest" time="0.0"/>
  <testcase name="multiplicando: 544 es: 1088" classname="CalculadoraTest" time="0.0"/>
  <testcase name="multiplicando: 545 es: 1090" classname="CalculadoraTest" time="0.0"/>
  <testcase name="multiplicando: 546 es: 1092" classname="CalculadoraTest" time="0.0"/>
  <testcase name="multiplicando: 547 es: 1094" classname="CalculadoraTest" time="0.0"/>
  <testcase name="multiplicando: 548 es: 1096" classname="CalculadoraTest" time="0.0"/>
  <testcase name="multiplicando: 549 es: 1098" classname="CalculadoraTest" time="0.0"/>
  <testcase name="multiplicando: 550 es: 1100" classname="CalculadoraTest" time="0.0"/>
  <testcase name="multiplicando: 551 es: 1102" classname="CalculadoraTest" time="0.0"/>
  <testcase name="multiplicando: 552 es: 1104" classname="CalculadoraTest" time="0.0"/>
  <testcase name="multiplicando: 553 es: 1106" classname="CalculadoraTest" time="0.0"/>
  <testcase name="multiplicando: 554 es: 1108" classname="CalculadoraTest" time="0.0"/>
  <testcase name="multiplicando: 555 es: 1110" classname="CalculadoraTest" time="0.0"/>
  <testcase name="multiplicando: 556 es: 1112" classname="CalculadoraTest" time="0.0"/>
  <testcase name="multiplicando: 557 es: 1114" classname="CalculadoraTest" time="0.0"/>
  <testcase name="multiplicando: 558 es: 1116" classname="CalculadoraTest" time="0.0"/>
  <testcase name="multiplicando: 559 es: 1118" classname="CalculadoraTest" time="0.0"/>
  <testcase name="multiplicando: 560 es: 1120" classname="CalculadoraTest" time="0.0"/>
  <testcase name="multiplicando: 561 es: 1122" classname="CalculadoraTest" time="0.001"/>
  <testcase name="multiplicando: 562 es: 1124" classname="CalculadoraTest" time="0.0"/>
  <testcase name="multiplicando: 563 es: 1126" classname="CalculadoraTest" time="0.0"/>
  <testcase name="multiplicando: 564 es: 1128" classname="CalculadoraTest" time="0.0"/>
  <testcase name="multiplicando: 565 es: 1130" classname="CalculadoraTest" time="0.0"/>
  <testcase name="multiplicando: 566 es: 1132" classname="CalculadoraTest" time="0.0"/>
  <testcase name="multiplicando: 567 es: 1134" classname="CalculadoraTest" time="0.0"/>
  <testcase name="multiplicando: 568 es: 1136" classname="CalculadoraTest" time="0.0"/>
  <testcase name="multiplicando: 569 es: 1138" classname="CalculadoraTest" time="0.0"/>
  <testcase name="multiplicando: 570 es: 1140" classname="CalculadoraTest" time="0.0"/>
  <testcase name="multiplicando: 571 es: 1142" classname="CalculadoraTest" time="0.0"/>
  <testcase name="multiplicando: 572 es: 1144" classname="CalculadoraTest" time="0.0"/>
  <testcase name="multiplicando: 573 es: 1146" classname="CalculadoraTest" time="0.0"/>
  <testcase name="multiplicando: 574 es: 1148" classname="CalculadoraTest" time="0.0"/>
  <testcase name="multiplicando: 575 es: 1150" classname="CalculadoraTest" time="0.0"/>
  <testcase name="multiplicando: 576 es: 1152" classname="CalculadoraTest" time="0.0"/>
  <testcase name="multiplicando: 577 es: 1154" classname="CalculadoraTest" time="0.0"/>
  <testcase name="multiplicando: 578 es: 1156" classname="CalculadoraTest" time="0.0"/>
  <testcase name="multiplicando: 579 es: 1158" classname="CalculadoraTest" time="0.0"/>
  <testcase name="multiplicando: 580 es: 1160" classname="CalculadoraTest" time="0.0"/>
  <testcase name="multiplicando: 581 es: 1162" classname="CalculadoraTest" time="0.0"/>
  <testcase name="multiplicando: 582 es: 1164" classname="CalculadoraTest" time="0.0"/>
  <testcase name="multiplicando: 583 es: 1166" classname="CalculadoraTest" time="0.0"/>
  <testcase name="multiplicando: 584 es: 1168" classname="CalculadoraTest" time="0.001"/>
  <testcase name="multiplicando: 585 es: 1170" classname="CalculadoraTest" time="0.0"/>
  <testcase name="multiplicando: 586 es: 1172" classname="CalculadoraTest" time="0.0"/>
  <testcase name="multiplicando: 587 es: 1174" classname="CalculadoraTest" time="0.0"/>
  <testcase name="multiplicando: 588 es: 1176" classname="CalculadoraTest" time="0.0"/>
  <testcase name="multiplicando: 589 es: 1178" classname="CalculadoraTest" time="0.0"/>
  <testcase name="multiplicando: 590 es: 1180" classname="CalculadoraTest" time="0.0"/>
  <testcase name="multiplicando: 591 es: 1182" classname="CalculadoraTest" time="0.0"/>
  <testcase name="multiplicando: 592 es: 1184" classname="CalculadoraTest" time="0.0"/>
  <testcase name="multiplicando: 593 es: 1186" classname="CalculadoraTest" time="0.0"/>
  <testcase name="multiplicando: 594 es: 1188" classname="CalculadoraTest" time="0.0"/>
  <testcase name="multiplicando: 595 es: 1190" classname="CalculadoraTest" time="0.0"/>
  <testcase name="multiplicando: 596 es: 1192" classname="CalculadoraTest" time="0.0"/>
  <testcase name="multiplicando: 597 es: 1194" classname="CalculadoraTest" time="0.0"/>
  <testcase name="multiplicando: 598 es: 1196" classname="CalculadoraTest" time="0.001"/>
  <testcase name="multiplicando: 599 es: 1198" classname="CalculadoraTest" time="0.0"/>
  <testcase name="multiplicando: 600 es: 1200" classname="CalculadoraTest" time="0.0"/>
  <testcase name="multiplicando: 601 es: 1202" classname="CalculadoraTest" time="0.0"/>
  <testcase name="multiplicando: 602 es: 1204" classname="CalculadoraTest" time="0.0"/>
  <testcase name="multiplicando: 603 es: 1206" classname="CalculadoraTest" time="0.0"/>
  <testcase name="multiplicando: 604 es: 1208" classname="CalculadoraTest" time="0.0"/>
  <testcase name="multiplicando: 605 es: 1210" classname="CalculadoraTest" time="0.0"/>
  <testcase name="multiplicando: 606 es: 1212" classname="CalculadoraTest" time="0.0"/>
  <testcase name="multiplicando: 607 es: 1214" classname="CalculadoraTest" time="0.0"/>
  <testcase name="multiplicando: 608 es: 1216" classname="CalculadoraTest" time="0.0"/>
  <testcase name="multiplicando: 609 es: 1218" classname="CalculadoraTest" time="0.0"/>
  <testcase name="multiplicando: 610 es: 1220" classname="CalculadoraTest" time="0.0"/>
  <testcase name="multiplicando: 611 es: 1222" classname="CalculadoraTest" time="0.0"/>
  <testcase name="multiplicando: 612 es: 1224" classname="CalculadoraTest" time="0.0"/>
  <testcase name="multiplicando: 613 es: 1226" classname="CalculadoraTest" time="0.001"/>
  <testcase name="multiplicando: 614 es: 1228" classname="CalculadoraTest" time="0.0"/>
  <testcase name="multiplicando: 615 es: 1230" classname="CalculadoraTest" time="0.0"/>
  <testcase name="multiplicando: 616 es: 1232" classname="CalculadoraTest" time="0.0"/>
  <testcase name="multiplicando: 617 es: 1234" classname="CalculadoraTest" time="0.0"/>
  <testcase name="multiplicando: 618 es: 1236" classname="CalculadoraTest" time="0.0"/>
  <testcase name="multiplicando: 619 es: 1238" classname="CalculadoraTest" time="0.0"/>
  <testcase name="multiplicando: 620 es: 1240" classname="CalculadoraTest" time="0.0"/>
  <testcase name="multiplicando: 621 es: 1242" classname="CalculadoraTest" time="0.0"/>
  <testcase name="multiplicando: 622 es: 1244" classname="CalculadoraTest" time="0.0"/>
  <testcase name="multiplicando: 623 es: 1246" classname="CalculadoraTest" time="0.0"/>
  <testcase name="multiplicando: 624 es: 1248" classname="CalculadoraTest" time="0.0"/>
  <testcase name="multiplicando: 625 es: 1250" classname="CalculadoraTest" time="0.0"/>
  <testcase name="multiplicando: 626 es: 1252" classname="CalculadoraTest" time="0.0"/>
  <testcase name="multiplicando: 627 es: 1254" classname="CalculadoraTest" time="0.0"/>
  <testcase name="multiplicando: 628 es: 1256" classname="CalculadoraTest" time="0.0"/>
  <testcase name="multiplicando: 629 es: 1258" classname="CalculadoraTest" time="0.001"/>
  <testcase name="multiplicando: 630 es: 1260" classname="CalculadoraTest" time="0.0"/>
  <testcase name="multiplicando: 631 es: 1262" classname="CalculadoraTest" time="0.0"/>
  <testcase name="multiplicando: 632 es: 1264" classname="CalculadoraTest" time="0.0"/>
  <testcase name="multiplicando: 633 es: 1266" classname="CalculadoraTest" time="0.0"/>
  <testcase name="multiplicando: 634 es: 1268" classname="CalculadoraTest" time="0.0"/>
  <testcase name="multiplicando: 635 es: 1270" classname="CalculadoraTest" time="0.0"/>
  <testcase name="multiplicando: 636 es: 1272" classname="CalculadoraTest" time="0.0"/>
  <testcase name="multiplicando: 637 es: 1274" classname="CalculadoraTest" time="0.0"/>
  <testcase name="multiplicando: 638 es: 1276" classname="CalculadoraTest" time="0.0"/>
  <testcase name="multiplicando: 639 es: 1278" classname="CalculadoraTest" time="0.001"/>
  <testcase name="multiplicando: 640 es: 1280" classname="CalculadoraTest" time="0.0"/>
  <testcase name="multiplicando: 641 es: 1282" classname="CalculadoraTest" time="0.0"/>
  <testcase name="multiplicando: 642 es: 1284" classname="CalculadoraTest" time="0.0"/>
  <testcase name="multiplicando: 643 es: 1286" classname="CalculadoraTest" time="0.0"/>
  <testcase name="multiplicando: 644 es: 1288" classname="CalculadoraTest" time="0.0"/>
  <testcase name="multiplicando: 645 es: 1290" classname="CalculadoraTest" time="0.0"/>
  <testcase name="multiplicando: 646 es: 1292" classname="CalculadoraTest" time="0.0"/>
  <testcase name="multiplicando: 647 es: 1294" classname="CalculadoraTest" time="0.0"/>
  <testcase name="multiplicando: 648 es: 1296" classname="CalculadoraTest" time="0.0"/>
  <testcase name="multiplicando: 649 es: 1298" classname="CalculadoraTest" time="0.0"/>
  <testcase name="multiplicando: 650 es: 1300" classname="CalculadoraTest" time="0.0"/>
  <testcase name="multiplicando: 651 es: 1302" classname="CalculadoraTest" time="0.0"/>
  <testcase name="multiplicando: 652 es: 1304" classname="CalculadoraTest" time="0.0"/>
  <testcase name="multiplicando: 653 es: 1306" classname="CalculadoraTest" time="0.0"/>
  <testcase name="multiplicando: 654 es: 1308" classname="CalculadoraTest" time="0.0"/>
  <testcase name="multiplicando: 655 es: 1310" classname="CalculadoraTest" time="0.0"/>
  <testcase name="multiplicando: 656 es: 1312" classname="CalculadoraTest" time="0.0"/>
  <testcase name="multiplicando: 657 es: 1314" classname="CalculadoraTest" time="0.0"/>
  <testcase name="multiplicando: 658 es: 1316" classname="CalculadoraTest" time="0.0"/>
  <testcase name="multiplicando: 659 es: 1318" classname="CalculadoraTest" time="0.0"/>
  <testcase name="multiplicando: 660 es: 1320" classname="CalculadoraTest" time="0.0"/>
  <testcase name="multiplicando: 661 es: 1322" classname="CalculadoraTest" time="0.0"/>
  <testcase name="multiplicando: 662 es: 1324" classname="CalculadoraTest" time="0.0"/>
  <testcase name="multiplicando: 663 es: 1326" classname="CalculadoraTest" time="0.0"/>
  <testcase name="multiplicando: 664 es: 1328" classname="CalculadoraTest" time="0.0"/>
  <testcase name="multiplicando: 665 es: 1330" classname="CalculadoraTest" time="0.001"/>
  <testcase name="multiplicando: 666 es: 1332" classname="CalculadoraTest" time="0.0"/>
  <testcase name="multiplicando: 667 es: 1334" classname="CalculadoraTest" time="0.0"/>
  <testcase name="multiplicando: 668 es: 1336" classname="CalculadoraTest" time="0.0"/>
  <testcase name="multiplicando: 669 es: 1338" classname="CalculadoraTest" time="0.0"/>
  <testcase name="multiplicando: 670 es: 1340" classname="CalculadoraTest" time="0.0"/>
  <testcase name="multiplicando: 671 es: 1342" classname="CalculadoraTest" time="0.0"/>
  <testcase name="multiplicando: 672 es: 1344" classname="CalculadoraTest" time="0.0"/>
  <testcase name="multiplicando: 673 es: 1346" classname="CalculadoraTest" time="0.0"/>
  <testcase name="multiplicando: 674 es: 1348" classname="CalculadoraTest" time="0.0"/>
  <testcase name="multiplicando: 675 es: 1350" classname="CalculadoraTest" time="0.0"/>
  <testcase name="multiplicando: 676 es: 1352" classname="CalculadoraTest" time="0.0"/>
  <testcase name="multiplicando: 677 es: 1354" classname="CalculadoraTest" time="0.0"/>
  <testcase name="multiplicando: 678 es: 1356" classname="CalculadoraTest" time="0.0"/>
  <testcase name="multiplicando: 679 es: 1358" classname="CalculadoraTest" time="0.0"/>
  <testcase name="multiplicando: 680 es: 1360" classname="CalculadoraTest" time="0.0"/>
  <testcase name="multiplicando: 681 es: 1362" classname="CalculadoraTest" time="0.0"/>
  <testcase name="multiplicando: 682 es: 1364" classname="CalculadoraTest" time="0.0"/>
  <testcase name="multiplicando: 683 es: 1366" classname="CalculadoraTest" time="0.0"/>
  <testcase name="multiplicando: 684 es: 1368" classname="CalculadoraTest" time="0.0"/>
  <testcase name="multiplicando: 685 es: 1370" classname="CalculadoraTest" time="0.0"/>
  <testcase name="multiplicando: 686 es: 1372" classname="CalculadoraTest" time="0.0"/>
  <testcase name="multiplicando: 687 es: 1374" classname="CalculadoraTest" time="0.0"/>
  <testcase name="multiplicando: 688 es: 1376" classname="CalculadoraTest" time="0.0"/>
  <testcase name="multiplicando: 689 es: 1378" classname="CalculadoraTest" time="0.0"/>
  <testcase name="multiplicando: 690 es: 1380" classname="CalculadoraTest" time="0.001"/>
  <testcase name="multiplicando: 691 es: 1382" classname="CalculadoraTest" time="0.0"/>
  <testcase name="multiplicando: 692 es: 1384" classname="CalculadoraTest" time="0.0"/>
  <testcase name="multiplicando: 693 es: 1386" classname="CalculadoraTest" time="0.0"/>
  <testcase name="multiplicando: 694 es: 1388" classname="CalculadoraTest" time="0.0"/>
  <testcase name="multiplicando: 695 es: 1390" classname="CalculadoraTest" time="0.0"/>
  <testcase name="multiplicando: 696 es: 1392" classname="CalculadoraTest" time="0.0"/>
  <testcase name="multiplicando: 697 es: 1394" classname="CalculadoraTest" time="0.0"/>
  <testcase name="multiplicando: 698 es: 1396" classname="CalculadoraTest" time="0.0"/>
  <testcase name="multiplicando: 699 es: 1398" classname="CalculadoraTest" time="0.0"/>
  <testcase name="multiplicando: 700 es: 1400" classname="CalculadoraTest" time="0.0"/>
  <testcase name="multiplicando: 701 es: 1402" classname="CalculadoraTest" time="0.0"/>
  <testcase name="multiplicando: 702 es: 1404" classname="CalculadoraTest" time="0.0"/>
  <testcase name="multiplicando: 703 es: 1406" classname="CalculadoraTest" time="0.0"/>
  <testcase name="multiplicando: 704 es: 1408" classname="CalculadoraTest" time="0.0"/>
  <testcase name="multiplicando: 705 es: 1410" classname="CalculadoraTest" time="0.0"/>
  <testcase name="multiplicando: 706 es: 1412" classname="CalculadoraTest" time="0.0"/>
  <testcase name="multiplicando: 707 es: 1414" classname="CalculadoraTest" time="0.001"/>
  <testcase name="multiplicando: 708 es: 1416" classname="CalculadoraTest" time="0.0"/>
  <testcase name="multiplicando: 709 es: 1418" classname="CalculadoraTest" time="0.0"/>
  <testcase name="multiplicando: 710 es: 1420" classname="CalculadoraTest" time="0.0"/>
  <testcase name="multiplicando: 711 es: 1422" classname="CalculadoraTest" time="0.0"/>
  <testcase name="multiplicando: 712 es: 1424" classname="CalculadoraTest" time="0.0"/>
  <testcase name="multiplicando: 713 es: 1426" classname="CalculadoraTest" time="0.0"/>
  <testcase name="multiplicando: 714 es: 1428" classname="CalculadoraTest" time="0.0"/>
  <testcase name="multiplicando: 715 es: 1430" classname="CalculadoraTest" time="0.0"/>
  <testcase name="multiplicando: 716 es: 1432" classname="CalculadoraTest" time="0.0"/>
  <testcase name="multiplicando: 717 es: 1434" classname="CalculadoraTest" time="0.0"/>
  <testcase name="multiplicando: 718 es: 1436" classname="CalculadoraTest" time="0.0"/>
  <testcase name="multiplicando: 719 es: 1438" classname="CalculadoraTest" time="0.0"/>
  <testcase name="multiplicando: 720 es: 1440" classname="CalculadoraTest" time="0.0"/>
  <testcase name="multiplicando: 721 es: 1442" classname="CalculadoraTest" time="0.0"/>
  <testcase name="multiplicando: 722 es: 1444" classname="CalculadoraTest" time="0.0"/>
  <testcase name="multiplicando: 723 es: 1446" classname="CalculadoraTest" time="0.0"/>
  <testcase name="multiplicando: 724 es: 1448" classname="CalculadoraTest" time="0.0"/>
  <testcase name="multiplicando: 725 es: 1450" classname="CalculadoraTest" time="0.0"/>
  <testcase name="multiplicando: 726 es: 1452" classname="CalculadoraTest" time="0.0"/>
  <testcase name="multiplicando: 727 es: 1454" classname="CalculadoraTest" time="0.0"/>
  <testcase name="multiplicando: 728 es: 1456" classname="CalculadoraTest" time="0.0"/>
  <testcase name="multiplicando: 729 es: 1458" classname="CalculadoraTest" time="0.0"/>
  <testcase name="multiplicando: 730 es: 1460" classname="CalculadoraTest" time="0.0"/>
  <testcase name="multiplicando: 731 es: 1462" classname="CalculadoraTest" time="0.0"/>
  <testcase name="multiplicando: 732 es: 1464" classname="CalculadoraTest" time="0.0"/>
  <testcase name="multiplicando: 733 es: 1466" classname="CalculadoraTest" time="0.0"/>
  <testcase name="multiplicando: 734 es: 1468" classname="CalculadoraTest" time="0.0"/>
  <testcase name="multiplicando: 735 es: 1470" classname="CalculadoraTest" time="0.0"/>
  <testcase name="multiplicando: 736 es: 1472" classname="CalculadoraTest" time="0.0"/>
  <testcase name="multiplicando: 737 es: 1474" classname="CalculadoraTest" time="0.0"/>
  <testcase name="multiplicando: 738 es: 1476" classname="CalculadoraTest" time="0.0"/>
  <testcase name="multiplicando: 739 es: 1478" classname="CalculadoraTest" time="0.0"/>
  <testcase name="multiplicando: 740 es: 1480" classname="CalculadoraTest" time="0.0"/>
  <testcase name="multiplicando: 741 es: 1482" classname="CalculadoraTest" time="0.0"/>
  <testcase name="multiplicando: 742 es: 1484" classname="CalculadoraTest" time="0.0"/>
  <testcase name="multiplicando: 743 es: 1486" classname="CalculadoraTest" time="0.0"/>
  <testcase name="multiplicando: 744 es: 1488" classname="CalculadoraTest" time="0.0"/>
  <testcase name="multiplicando: 745 es: 1490" classname="CalculadoraTest" time="0.0"/>
  <testcase name="multiplicando: 746 es: 1492" classname="CalculadoraTest" time="0.0"/>
  <testcase name="multiplicando: 747 es: 1494" classname="CalculadoraTest" time="0.0"/>
  <testcase name="multiplicando: 748 es: 1496" classname="CalculadoraTest" time="0.0"/>
  <testcase name="multiplicando: 749 es: 1498" classname="CalculadoraTest" time="0.0"/>
  <testcase name="multiplicando: 750 es: 1500" classname="CalculadoraTest" time="0.001"/>
  <testcase name="multiplicando: 751 es: 1502" classname="CalculadoraTest" time="0.0"/>
  <testcase name="multiplicando: 752 es: 1504" classname="CalculadoraTest" time="0.0"/>
  <testcase name="multiplicando: 753 es: 1506" classname="CalculadoraTest" time="0.0"/>
  <testcase name="multiplicando: 754 es: 1508" classname="CalculadoraTest" time="0.0"/>
  <testcase name="multiplicando: 755 es: 1510" classname="CalculadoraTest" time="0.0"/>
  <testcase name="multiplicando: 756 es: 1512" classname="CalculadoraTest" time="0.0"/>
  <testcase name="multiplicando: 757 es: 1514" classname="CalculadoraTest" time="0.0"/>
  <testcase name="multiplicando: 758 es: 1516" classname="CalculadoraTest" time="0.0"/>
  <testcase name="multiplicando: 759 es: 1518" classname="CalculadoraTest" time="0.0"/>
  <testcase name="multiplicando: 760 es: 1520" classname="CalculadoraTest" time="0.001"/>
  <testcase name="multiplicando: 761 es: 1522" classname="CalculadoraTest" time="0.0"/>
  <testcase name="multiplicando: 762 es: 1524" classname="CalculadoraTest" time="0.001"/>
  <testcase name="multiplicando: 763 es: 1526" classname="CalculadoraTest" time="0.0"/>
  <testcase name="multiplicando: 764 es: 1528" classname="CalculadoraTest" time="0.0"/>
  <testcase name="multiplicando: 765 es: 1530" classname="CalculadoraTest" time="0.0"/>
  <testcase name="multiplicando: 766 es: 1532" classname="CalculadoraTest" time="0.0"/>
  <testcase name="multiplicando: 767 es: 1534" classname="CalculadoraTest" time="0.001"/>
  <testcase name="multiplicando: 768 es: 1536" classname="CalculadoraTest" time="0.0"/>
  <testcase name="multiplicando: 769 es: 1538" classname="CalculadoraTest" time="0.0"/>
  <testcase name="multiplicando: 770 es: 1540" classname="CalculadoraTest" time="0.0"/>
  <testcase name="multiplicando: 771 es: 1542" classname="CalculadoraTest" time="0.0"/>
  <testcase name="multiplicando: 772 es: 1544" classname="CalculadoraTest" time="0.0"/>
  <testcase name="multiplicando: 773 es: 1546" classname="CalculadoraTest" time="0.0"/>
  <testcase name="multiplicando: 774 es: 1548" classname="CalculadoraTest" time="0.0"/>
  <testcase name="multiplicando: 775 es: 1550" classname="CalculadoraTest" time="0.0"/>
  <testcase name="multiplicando: 776 es: 1552" classname="CalculadoraTest" time="0.0"/>
  <testcase name="multiplicando: 777 es: 1554" classname="CalculadoraTest" time="0.0"/>
  <testcase name="multiplicando: 778 es: 1556" classname="CalculadoraTest" time="0.0"/>
  <testcase name="multiplicando: 779 es: 1558" classname="CalculadoraTest" time="0.0"/>
  <testcase name="multiplicando: 780 es: 1560" classname="CalculadoraTest" time="0.0"/>
  <testcase name="multiplicando: 781 es: 1562" classname="CalculadoraTest" time="0.0"/>
  <testcase name="multiplicando: 782 es: 1564" classname="CalculadoraTest" time="0.0"/>
  <testcase name="multiplicando: 783 es: 1566" classname="CalculadoraTest" time="0.0"/>
  <testcase name="multiplicando: 784 es: 1568" classname="CalculadoraTest" time="0.0"/>
  <testcase name="multiplicando: 785 es: 1570" classname="CalculadoraTest" time="0.0"/>
  <testcase name="multiplicando: 786 es: 1572" classname="CalculadoraTest" time="0.0"/>
  <testcase name="multiplicando: 787 es: 1574" classname="CalculadoraTest" time="0.0"/>
  <testcase name="multiplicando: 788 es: 1576" classname="CalculadoraTest" time="0.0"/>
  <testcase name="multiplicando: 789 es: 1578" classname="CalculadoraTest" time="0.0"/>
  <testcase name="multiplicando: 790 es: 1580" classname="CalculadoraTest" time="0.0"/>
  <testcase name="multiplicando: 791 es: 1582" classname="CalculadoraTest" time="0.0"/>
  <testcase name="multiplicando: 792 es: 1584" classname="CalculadoraTest" time="0.0"/>
  <testcase name="multiplicando: 793 es: 1586" classname="CalculadoraTest" time="0.0"/>
  <testcase name="multiplicando: 794 es: 1588" classname="CalculadoraTest" time="0.0"/>
  <testcase name="multiplicando: 795 es: 1590" classname="CalculadoraTest" time="0.0"/>
  <testcase name="multiplicando: 796 es: 1592" classname="CalculadoraTest" time="0.0"/>
  <testcase name="multiplicando: 797 es: 1594" classname="CalculadoraTest" time="0.0"/>
  <testcase name="multiplicando: 798 es: 1596" classname="CalculadoraTest" time="0.0"/>
  <testcase name="multiplicando: 799 es: 1598" classname="CalculadoraTest" time="0.0"/>
  <testcase name="multiplicando: 800 es: 1600" classname="CalculadoraTest" time="0.0"/>
  <testcase name="multiplicando: 801 es: 1602" classname="CalculadoraTest" time="0.0"/>
  <testcase name="multiplicando: 802 es: 1604" classname="CalculadoraTest" time="0.0"/>
  <testcase name="multiplicando: 803 es: 1606" classname="CalculadoraTest" time="0.0"/>
  <testcase name="multiplicando: 804 es: 1608" classname="CalculadoraTest" time="0.0"/>
  <testcase name="multiplicando: 805 es: 1610" classname="CalculadoraTest" time="0.0"/>
  <testcase name="multiplicando: 806 es: 1612" classname="CalculadoraTest" time="0.0"/>
  <testcase name="multiplicando: 807 es: 1614" classname="CalculadoraTest" time="0.0"/>
  <testcase name="multiplicando: 808 es: 1616" classname="CalculadoraTest" time="0.0"/>
  <testcase name="multiplicando: 809 es: 1618" classname="CalculadoraTest" time="0.0"/>
  <testcase name="multiplicando: 810 es: 1620" classname="CalculadoraTest" time="0.0"/>
  <testcase name="multiplicando: 811 es: 1622" classname="CalculadoraTest" time="0.001"/>
  <testcase name="multiplicando: 812 es: 1624" classname="CalculadoraTest" time="0.0"/>
  <testcase name="multiplicando: 813 es: 1626" classname="CalculadoraTest" time="0.0"/>
  <testcase name="multiplicando: 814 es: 1628" classname="CalculadoraTest" time="0.0"/>
  <testcase name="multiplicando: 815 es: 1630" classname="CalculadoraTest" time="0.0"/>
  <testcase name="multiplicando: 816 es: 1632" classname="CalculadoraTest" time="0.0"/>
  <testcase name="multiplicando: 817 es: 1634" classname="CalculadoraTest" time="0.0"/>
  <testcase name="multiplicando: 818 es: 1636" classname="CalculadoraTest" time="0.0"/>
  <testcase name="multiplicando: 819 es: 1638" classname="CalculadoraTest" time="0.0"/>
  <testcase name="multiplicando: 820 es: 1640" classname="CalculadoraTest" time="0.0"/>
  <testcase name="multiplicando: 821 es: 1642" classname="CalculadoraTest" time="0.0"/>
  <testcase name="multiplicando: 822 es: 1644" classname="CalculadoraTest" time="0.0"/>
  <testcase name="multiplicando: 823 es: 1646" classname="CalculadoraTest" time="0.0"/>
  <testcase name="multiplicando: 824 es: 1648" classname="CalculadoraTest" time="0.0"/>
  <testcase name="multiplicando: 825 es: 1650" classname="CalculadoraTest" time="0.0"/>
  <testcase name="multiplicando: 826 es: 1652" classname="CalculadoraTest" time="0.0"/>
  <testcase name="multiplicando: 827 es: 1654" classname="CalculadoraTest" time="0.0"/>
  <testcase name="multiplicando: 828 es: 1656" classname="CalculadoraTest" time="0.0"/>
  <testcase name="multiplicando: 829 es: 1658" classname="CalculadoraTest" time="0.0"/>
  <testcase name="multiplicando: 830 es: 1660" classname="CalculadoraTest" time="0.0"/>
  <testcase name="multiplicando: 831 es: 1662" classname="CalculadoraTest" time="0.0"/>
  <testcase name="multiplicando: 832 es: 1664" classname="CalculadoraTest" time="0.0"/>
  <testcase name="multiplicando: 833 es: 1666" classname="CalculadoraTest" time="0.0"/>
  <testcase name="multiplicando: 834 es: 1668" classname="CalculadoraTest" time="0.0"/>
  <testcase name="multiplicando: 835 es: 1670" classname="CalculadoraTest" time="0.0"/>
  <testcase name="multiplicando: 836 es: 1672" classname="CalculadoraTest" time="0.0"/>
  <testcase name="multiplicando: 837 es: 1674" classname="CalculadoraTest" time="0.0"/>
  <testcase name="multiplicando: 838 es: 1676" classname="CalculadoraTest" time="0.001"/>
  <testcase name="multiplicando: 839 es: 1678" classname="CalculadoraTest" time="0.0"/>
  <testcase name="multiplicando: 840 es: 1680" classname="CalculadoraTest" time="0.0"/>
  <testcase name="multiplicando: 841 es: 1682" classname="CalculadoraTest" time="0.0"/>
  <testcase name="multiplicando: 842 es: 1684" classname="CalculadoraTest" time="0.0"/>
  <testcase name="multiplicando: 843 es: 1686" classname="CalculadoraTest" time="0.0"/>
  <testcase name="multiplicando: 844 es: 1688" classname="CalculadoraTest" time="0.0"/>
  <testcase name="multiplicando: 845 es: 1690" classname="CalculadoraTest" time="0.0"/>
  <testcase name="multiplicando: 846 es: 1692" classname="CalculadoraTest" time="0.0"/>
  <testcase name="multiplicando: 847 es: 1694" classname="CalculadoraTest" time="0.0"/>
  <testcase name="multiplicando: 848 es: 1696" classname="CalculadoraTest" time="0.0"/>
  <testcase name="multiplicando: 849 es: 1698" classname="CalculadoraTest" time="0.0"/>
  <testcase name="multiplicando: 850 es: 1700" classname="CalculadoraTest" time="0.0"/>
  <testcase name="multiplicando: 851 es: 1702" classname="CalculadoraTest" time="0.0"/>
  <testcase name="multiplicando: 852 es: 1704" classname="CalculadoraTest" time="0.0"/>
  <testcase name="multiplicando: 853 es: 1706" classname="CalculadoraTest" time="0.0"/>
  <testcase name="multiplicando: 854 es: 1708" classname="CalculadoraTest" time="0.0"/>
  <testcase name="multiplicando: 855 es: 1710" classname="CalculadoraTest" time="0.0"/>
  <testcase name="multiplicando: 856 es: 1712" classname="CalculadoraTest" time="0.0"/>
  <testcase name="multiplicando: 857 es: 1714" classname="CalculadoraTest" time="0.0"/>
  <testcase name="multiplicando: 858 es: 1716" classname="CalculadoraTest" time="0.0"/>
  <testcase name="multiplicando: 859 es: 1718" classname="CalculadoraTest" time="0.0"/>
  <testcase name="multiplicando: 860 es: 1720" classname="CalculadoraTest" time="0.0"/>
  <testcase name="multiplicando: 861 es: 1722" classname="CalculadoraTest" time="0.0"/>
  <testcase name="multiplicando: 862 es: 1724" classname="CalculadoraTest" time="0.0"/>
  <testcase name="multiplicando: 863 es: 1726" classname="CalculadoraTest" time="0.0"/>
  <testcase name="multiplicando: 864 es: 1728" classname="CalculadoraTest" time="0.0"/>
  <testcase name="multiplicando: 865 es: 1730" classname="CalculadoraTest" time="0.0"/>
  <testcase name="multiplicando: 866 es: 1732" classname="CalculadoraTest" time="0.0"/>
  <testcase name="multiplicando: 867 es: 1734" classname="CalculadoraTest" time="0.0"/>
  <testcase name="multiplicando: 868 es: 1736" classname="CalculadoraTest" time="0.0"/>
  <testcase name="multiplicando: 869 es: 1738" classname="CalculadoraTest" time="0.0"/>
  <testcase name="multiplicando: 870 es: 1740" classname="CalculadoraTest" time="0.0"/>
  <testcase name="multiplicando: 871 es: 1742" classname="CalculadoraTest" time="0.0"/>
  <testcase name="multiplicando: 872 es: 1744" classname="CalculadoraTest" time="0.0"/>
  <testcase name="multiplicando: 873 es: 1746" classname="CalculadoraTest" time="0.0"/>
  <testcase name="multiplicando: 874 es: 1748" classname="CalculadoraTest" time="0.0"/>
  <testcase name="multiplicando: 875 es: 1750" classname="CalculadoraTest" time="0.0"/>
  <testcase name="multiplicando: 876 es: 1752" classname="CalculadoraTest" time="0.0"/>
  <testcase name="multiplicando: 877 es: 1754" classname="CalculadoraTest" time="0.0"/>
  <testcase name="multiplicando: 878 es: 1756" classname="CalculadoraTest" time="0.0"/>
  <testcase name="multiplicando: 879 es: 1758" classname="CalculadoraTest" time="0.0"/>
  <testcase name="multiplicando: 880 es: 1760" classname="CalculadoraTest" time="0.0"/>
  <testcase name="multiplicando: 881 es: 1762" classname="CalculadoraTest" time="0.0"/>
  <testcase name="multiplicando: 882 es: 1764" classname="CalculadoraTest" time="0.0"/>
  <testcase name="multiplicando: 883 es: 1766" classname="CalculadoraTest" time="0.0"/>
  <testcase name="multiplicando: 884 es: 1768" classname="CalculadoraTest" time="0.0"/>
  <testcase name="multiplicando: 885 es: 1770" classname="CalculadoraTest" time="0.0"/>
  <testcase name="multiplicando: 886 es: 1772" classname="CalculadoraTest" time="0.0"/>
  <testcase name="multiplicando: 887 es: 1774" classname="CalculadoraTest" time="0.0"/>
  <testcase name="multiplicando: 888 es: 1776" classname="CalculadoraTest" time="0.0"/>
  <testcase name="multiplicando: 889 es: 1778" classname="CalculadoraTest" time="0.0"/>
  <testcase name="multiplicando: 890 es: 1780" classname="CalculadoraTest" time="0.0"/>
  <testcase name="multiplicando: 891 es: 1782" classname="CalculadoraTest" time="0.0"/>
  <testcase name="multiplicando: 892 es: 1784" classname="CalculadoraTest" time="0.0"/>
  <testcase name="multiplicando: 893 es: 1786" classname="CalculadoraTest" time="0.0"/>
  <testcase name="multiplicando: 894 es: 1788" classname="CalculadoraTest" time="0.0"/>
  <testcase name="multiplicando: 895 es: 1790" classname="CalculadoraTest" time="0.0"/>
  <testcase name="multiplicando: 896 es: 1792" classname="CalculadoraTest" time="0.0"/>
  <testcase name="multiplicando: 897 es: 1794" classname="CalculadoraTest" time="0.0"/>
  <testcase name="multiplicando: 898 es: 1796" classname="CalculadoraTest" time="0.0"/>
  <testcase name="multiplicando: 899 es: 1798" classname="CalculadoraTest" time="0.0"/>
  <testcase name="multiplicando: 900 es: 1800" classname="CalculadoraTest" time="0.0"/>
  <testcase name="multiplicando: 901 es: 1802" classname="CalculadoraTest" time="0.0"/>
  <testcase name="multiplicando: 902 es: 1804" classname="CalculadoraTest" time="0.0"/>
  <testcase name="multiplicando: 903 es: 1806" classname="CalculadoraTest" time="0.0"/>
  <testcase name="multiplicando: 904 es: 1808" classname="CalculadoraTest" time="0.0"/>
  <testcase name="multiplicando: 905 es: 1810" classname="CalculadoraTest" time="0.0"/>
  <testcase name="multiplicando: 906 es: 1812" classname="CalculadoraTest" time="0.0"/>
  <testcase name="multiplicando: 907 es: 1814" classname="CalculadoraTest" time="0.0"/>
  <testcase name="multiplicando: 908 es: 1816" classname="CalculadoraTest" time="0.0"/>
  <testcase name="multiplicando: 909 es: 1818" classname="CalculadoraTest" time="0.0"/>
  <testcase name="multiplicando: 910 es: 1820" classname="CalculadoraTest" time="0.0"/>
  <testcase name="multiplicando: 911 es: 1822" classname="CalculadoraTest" time="0.0"/>
  <testcase name="multiplicando: 912 es: 1824" classname="CalculadoraTest" time="0.0"/>
  <testcase name="multiplicando: 913 es: 1826" classname="CalculadoraTest" time="0.0"/>
  <testcase name="multiplicando: 914 es: 1828" classname="CalculadoraTest" time="0.0"/>
  <testcase name="multiplicando: 915 es: 1830" classname="CalculadoraTest" time="0.0"/>
  <testcase name="multiplicando: 916 es: 1832" classname="CalculadoraTest" time="0.0"/>
  <testcase name="multiplicando: 917 es: 1834" classname="CalculadoraTest" time="0.0"/>
  <testcase name="multiplicando: 918 es: 1836" classname="CalculadoraTest" time="0.0"/>
  <testcase name="multiplicando: 919 es: 1838" classname="CalculadoraTest" time="0.0"/>
  <testcase name="multiplicando: 920 es: 1840" classname="CalculadoraTest" time="0.0"/>
  <testcase name="multiplicando: 921 es: 1842" classname="CalculadoraTest" time="0.0"/>
  <testcase name="multiplicando: 922 es: 1844" classname="CalculadoraTest" time="0.0"/>
  <testcase name="multiplicando: 923 es: 1846" classname="CalculadoraTest" time="0.0"/>
  <testcase name="multiplicando: 924 es: 1848" classname="CalculadoraTest" time="0.0"/>
  <testcase name="multiplicando: 925 es: 1850" classname="CalculadoraTest" time="0.0"/>
  <testcase name="multiplicando: 926 es: 1852" classname="CalculadoraTest" time="0.0"/>
  <testcase name="multiplicando: 927 es: 1854" classname="CalculadoraTest" time="0.0"/>
  <testcase name="multiplicando: 928 es: 1856" classname="CalculadoraTest" time="0.0"/>
  <testcase name="multiplicando: 929 es: 1858" classname="CalculadoraTest" time="0.0"/>
  <testcase name="multiplicando: 930 es: 1860" classname="CalculadoraTest" time="0.0"/>
  <testcase name="multiplicando: 931 es: 1862" classname="CalculadoraTest" time="0.0"/>
  <testcase name="multiplicando: 932 es: 1864" classname="CalculadoraTest" time="0.001"/>
  <testcase name="multiplicando: 933 es: 1866" classname="CalculadoraTest" time="0.0"/>
  <testcase name="multiplicando: 934 es: 1868" classname="CalculadoraTest" time="0.0"/>
  <testcase name="multiplicando: 935 es: 1870" classname="CalculadoraTest" time="0.0"/>
  <testcase name="multiplicando: 936 es: 1872" classname="CalculadoraTest" time="0.0"/>
  <testcase name="multiplicando: 937 es: 1874" classname="CalculadoraTest" time="0.0"/>
  <testcase name="multiplicando: 938 es: 1876" classname="CalculadoraTest" time="0.0"/>
  <testcase name="multiplicando: 939 es: 1878" classname="CalculadoraTest" time="0.0"/>
  <testcase name="multiplicando: 940 es: 1880" classname="CalculadoraTest" time="0.0"/>
  <testcase name="multiplicando: 941 es: 1882" classname="CalculadoraTest" time="0.0"/>
  <testcase name="multiplicando: 942 es: 1884" classname="CalculadoraTest" time="0.0"/>
  <testcase name="multiplicando: 943 es: 1886" classname="CalculadoraTest" time="0.0"/>
  <testcase name="multiplicando: 944 es: 1888" classname="CalculadoraTest" time="0.0"/>
  <testcase name="multiplicando: 945 es: 1890" classname="CalculadoraTest" time="0.0"/>
  <testcase name="multiplicando: 946 es: 1892" classname="CalculadoraTest" time="0.0"/>
  <testcase name="multiplicando: 947 es: 1894" classname="CalculadoraTest" time="0.0"/>
  <testcase name="multiplicando: 948 es: 1896" classname="CalculadoraTest" time="0.0"/>
  <testcase name="multiplicando: 949 es: 1898" classname="CalculadoraTest" time="0.0"/>
  <testcase name="multiplicando: 950 es: 1900" classname="CalculadoraTest" time="0.0"/>
  <testcase name="multiplicando: 951 es: 1902" classname="CalculadoraTest" time="0.0"/>
  <testcase name="multiplicando: 952 es: 1904" classname="CalculadoraTest" time="0.0"/>
  <testcase name="multiplicando: 953 es: 1906" classname="CalculadoraTest" time="0.0"/>
  <testcase name="multiplicando: 954 es: 1908" classname="CalculadoraTest" time="0.0"/>
  <testcase name="multiplicando: 955 es: 1910" classname="CalculadoraTest" time="0.0"/>
  <testcase name="multiplicando: 956 es: 1912" classname="CalculadoraTest" time="0.0"/>
  <testcase name="multiplicando: 957 es: 1914" classname="CalculadoraTest" time="0.0"/>
  <testcase name="multiplicando: 958 es: 1916" classname="CalculadoraTest" time="0.0"/>
  <testcase name="multiplicando: 959 es: 1918" classname="CalculadoraTest" time="0.0"/>
  <testcase name="multiplicando: 960 es: 1920" classname="CalculadoraTest" time="0.0"/>
  <testcase name="multiplicando: 961 es: 1922" classname="CalculadoraTest" time="0.0"/>
  <testcase name="multiplicando: 962 es: 1924" classname="CalculadoraTest" time="0.0"/>
  <testcase name="multiplicando: 963 es: 1926" classname="CalculadoraTest" time="0.0"/>
  <testcase name="multiplicando: 964 es: 1928" classname="CalculadoraTest" time="0.0"/>
  <testcase name="multiplicando: 965 es: 1930" classname="CalculadoraTest" time="0.0"/>
  <testcase name="multiplicando: 966 es: 1932" classname="CalculadoraTest" time="0.0"/>
  <testcase name="multiplicando: 967 es: 1934" classname="CalculadoraTest" time="0.0"/>
  <testcase name="multiplicando: 968 es: 1936" classname="CalculadoraTest" time="0.0"/>
  <testcase name="multiplicando: 969 es: 1938" classname="CalculadoraTest" time="0.0"/>
  <testcase name="multiplicando: 970 es: 1940" classname="CalculadoraTest" time="0.0"/>
  <testcase name="multiplicando: 971 es: 1942" classname="CalculadoraTest" time="0.0"/>
  <testcase name="multiplicando: 972 es: 1944" classname="CalculadoraTest" time="0.0"/>
  <testcase name="multiplicando: 973 es: 1946" classname="CalculadoraTest" time="0.0"/>
  <testcase name="multiplicando: 974 es: 1948" classname="CalculadoraTest" time="0.0"/>
  <testcase name="multiplicando: 975 es: 1950" classname="CalculadoraTest" time="0.0"/>
  <testcase name="multiplicando: 976 es: 1952" classname="CalculadoraTest" time="0.0"/>
  <testcase name="multiplicando: 977 es: 1954" classname="CalculadoraTest" time="0.0"/>
  <testcase name="multiplicando: 978 es: 1956" classname="CalculadoraTest" time="0.0"/>
  <testcase name="multiplicando: 979 es: 1958" classname="CalculadoraTest" time="0.0"/>
  <testcase name="multiplicando: 980 es: 1960" classname="CalculadoraTest" time="0.0"/>
  <testcase name="multiplicando: 981 es: 1962" classname="CalculadoraTest" time="0.0"/>
  <testcase name="multiplicando: 982 es: 1964" classname="CalculadoraTest" time="0.0"/>
  <testcase name="multiplicando: 983 es: 1966" classname="CalculadoraTest" time="0.0"/>
  <testcase name="multiplicando: 984 es: 1968" classname="CalculadoraTest" time="0.0"/>
  <testcase name="multiplicando: 985 es: 1970" classname="CalculadoraTest" time="0.0"/>
  <testcase name="multiplicando: 986 es: 1972" classname="CalculadoraTest" time="0.0"/>
  <testcase name="multiplicando: 987 es: 1974" classname="CalculadoraTest" time="0.0"/>
  <testcase name="multiplicando: 988 es: 1976" classname="CalculadoraTest" time="0.0"/>
  <testcase name="multiplicando: 989 es: 1978" classname="CalculadoraTest" time="0.0"/>
  <testcase name="multiplicando: 990 es: 1980" classname="CalculadoraTest" time="0.0"/>
  <testcase name="multiplicando: 991 es: 1982" classname="CalculadoraTest" time="0.0"/>
  <testcase name="multiplicando: 992 es: 1984" classname="CalculadoraTest" time="0.0"/>
  <testcase name="multiplicando: 993 es: 1986" classname="CalculadoraTest" time="0.0"/>
  <testcase name="multiplicando: 994 es: 1988" classname="CalculadoraTest" time="0.0"/>
  <testcase name="multiplicando: 995 es: 1990" classname="CalculadoraTest" time="0.0"/>
  <testcase name="multiplicando: 996 es: 1992" classname="CalculadoraTest" time="0.0"/>
  <testcase name="multiplicando: 997 es: 1994" classname="CalculadoraTest" time="0.0"/>
  <testcase name="multiplicando: 998 es: 1996" classname="CalculadoraTest" time="0.0"/>
  <testcase name="multiplicando: 999 es: 1998" classname="CalculadoraTest" time="0.0"/>
  <system-out><![CDATA[]]></system-out>
  <system-err><![CDATA[]]></system-err>
</testsuite>
